<?xml version="1.0" encoding="UTF-8"?>
<testsuites name="20190723_112113" timestamp="2019-07-23T11:21:13" time="30.020" tests="35" errors="3">
  <testsuite id="1" name="firstEvaluation" package="firstEvaluation" hostname="ATMECSINDT-043" timestamp="2019-07-23T11:21:14" time="25.780" tests="35" errors="3">
    <properties>
      <property name="Run From" value="ATMECSINDT-043" />
      <property name="Run OS" value="amd64 Windows 10 10.0" />
      <property name="Run User" value="deepankar.pathal" />
      <property name="Iteration" value="1 of 1" />
      <property name="Script" value="firstEvaluation.xlsx" />
      <property name="Logs" value="C:\projects\firstEvaluation\output\20190723_112113\logs\nexial-20190723_112113.log" />
      <property name="Data File" value="firstEvaluation.data.xlsx" />
      <property name="DataSheet(s)" value="#default" />
      <property name="JAVA_OPT" value="-Dorg.apache.poi.util.POILogger=org.apache.poi.util.NullLogger" />
      <property name="runtime args" value="-script C:\projects\firstEvaluation\artifact\script\firstEvaluation.xlsx" />
    </properties>
    <testcase id="Activity 1" name="Activity 1" classname="JsonScenario" timestamp="2019-07-23T11:21:16" time="23.814">
      <system-out>Total : 2
Passed: 2
Failed: 0
Output: C:\projects\firstEvaluation\output\20190723_112113\firstEvaluation.20190723_112114.001.xlsx
Logs  : C:\projects\firstEvaluation\output\20190723_112113\logs\nexial-20190723_112113.log</system-out>
    </testcase>
    <testcase id="Activity 2" name="Activity 2" classname="JsonScenario" timestamp="2019-07-23T11:21:18" time="22.313">
      <system-out>Total : 11
Passed: 11
Failed: 0
Output: C:\projects\firstEvaluation\output\20190723_112113\firstEvaluation.20190723_112114.001.xlsx
Logs  : C:\projects\firstEvaluation\output\20190723_112113\logs\nexial-20190723_112113.log</system-out>
    </testcase>
    <testcase id="Activity 3" name="Activity 3" classname="JsonScenario" timestamp="2019-07-23T11:21:25" time="15.342">
      <failure type="failure found in test activity" message="1 of 4 FAILED. Check C:\projects\firstEvaluation\output\20190723_112113\firstEvaluation.20190723_112114.001.xlsx for execution result, C:\projects\firstEvaluation\output\20190723_112113\logs\nexial-20190723_112113.log for execution logs" />
      <system-out>Total : 4
Passed: 3
Failed: 1
Output: C:\projects\firstEvaluation\output\20190723_112113\firstEvaluation.20190723_112114.001.xlsx
Logs  : C:\projects\firstEvaluation\output\20190723_112113\logs\nexial-20190723_112113.log</system-out>
    </testcase>
    <testcase id="Activity 4" name="Activity 4" classname="JsonScenario" timestamp="2019-07-23T11:21:28" time="12.550">
      <system-out>Total : 2
Passed: 2
Failed: 0
Output: C:\projects\firstEvaluation\output\20190723_112113\firstEvaluation.20190723_112114.001.xlsx
Logs  : C:\projects\firstEvaluation\output\20190723_112113\logs\nexial-20190723_112113.log</system-out>
    </testcase>
    <testcase id="Activity 5" name="Activity 5" classname="JsonScenario" timestamp="2019-07-23T11:21:29" time="11.308">
      <system-out>Total : 7
Passed: 7
Failed: 0
Output: C:\projects\firstEvaluation\output\20190723_112113\firstEvaluation.20190723_112114.001.xlsx
Logs  : C:\projects\firstEvaluation\output\20190723_112113\logs\nexial-20190723_112113.log</system-out>
    </testcase>
    <testcase id="Activity 1" name="Activity 1" classname="XMLScenario" timestamp="2019-07-23T11:21:34" time="5.994">
      <system-out>Total : 3
Passed: 3
Failed: 0
Output: C:\projects\firstEvaluation\output\20190723_112113\firstEvaluation.20190723_112114.001.xlsx
Logs  : C:\projects\firstEvaluation\output\20190723_112113\logs\nexial-20190723_112113.log</system-out>
    </testcase>
    <testcase id="Activity 2" name="Activity 2" classname="XMLScenario" timestamp="2019-07-23T11:21:36" time="4.032">
      <system-out>Total : 2
Passed: 2
Failed: 0
Output: C:\projects\firstEvaluation\output\20190723_112113\firstEvaluation.20190723_112114.001.xlsx
Logs  : C:\projects\firstEvaluation\output\20190723_112113\logs\nexial-20190723_112113.log</system-out>
    </testcase>
    <testcase id="Activity 4" name="Activity 4" classname="XMLScenario" timestamp="2019-07-23T11:21:37" time="2.781">
      <failure type="failure found in test activity" message="2 of 4 FAILED. Check C:\projects\firstEvaluation\output\20190723_112113\firstEvaluation.20190723_112114.001.xlsx for execution result, C:\projects\firstEvaluation\output\20190723_112113\logs\nexial-20190723_112113.log for execution logs" />
      <system-out>Total : 4
Passed: 2
Failed: 2
Output: C:\projects\firstEvaluation\output\20190723_112113\firstEvaluation.20190723_112114.001.xlsx
Logs  : C:\projects\firstEvaluation\output\20190723_112113\logs\nexial-20190723_112113.log</system-out>
    </testcase>
  </testsuite>
</testsuites>
