<?xml version="1.0" encoding="UTF-8"?>
<testsuites name="20190720_171206" timestamp="2019-07-20T17:12:06" time="16.045" tests="17" errors="0">
  <testsuite id="1" name="firstEvaluation" package="firstEvaluation" hostname="DESKTOP-UOIH0F7" timestamp="2019-07-20T17:12:07" time="12.097" tests="17" errors="0">
    <properties>
      <property name="Run From" value="DESKTOP-UOIH0F7" />
      <property name="Run OS" value="x86 Windows 10 10.0" />
      <property name="Run User" value="Deepankar Pathak" />
      <property name="Iteration" value="1 of 1" />
      <property name="Script" value="firstEvaluation.xlsx" />
      <property name="Logs" value="C:\projects\firstEvaluation\output\20190720_171206\logs\nexial-20190720_171206.log" />
      <property name="Data File" value="firstEvaluation.data.xlsx" />
      <property name="DataSheet(s)" value="#default" />
      <property name="JAVA_OPT" value="-Dorg.apache.poi.util.POILogger=org.apache.poi.util.NullLogger" />
      <property name="runtime args" value="-script C:\projects\firstEvaluation\artifact\script\firstEvaluation.xlsx" />
    </properties>
    <testcase id="Activity 1" name="Activity 1" classname="JsonScenario" timestamp="2019-07-20T17:12:08" time="11.042">
      <system-out>Total : 2
Passed: 2
Failed: 0
Output: C:\projects\firstEvaluation\output\20190720_171206\firstEvaluation.20190720_171207.001.xlsx
Logs  : C:\projects\firstEvaluation\output\20190720_171206\logs\nexial-20190720_171206.log</system-out>
    </testcase>
    <testcase id="Activity 2" name="Activity 2" classname="JsonScenario" timestamp="2019-07-20T17:12:09" time="9.595">
      <system-out>Total : 11
Passed: 11
Failed: 0
Output: C:\projects\firstEvaluation\output\20190720_171206\firstEvaluation.20190720_171207.001.xlsx
Logs  : C:\projects\firstEvaluation\output\20190720_171206\logs\nexial-20190720_171206.log</system-out>
    </testcase>
    <testcase id="Activity 3" name="Activity 3" classname="JsonScenario" timestamp="2019-07-20T17:12:16" time="2.831">
      <system-out>Total : 4
Passed: 4
Failed: 0
Output: C:\projects\firstEvaluation\output\20190720_171206\firstEvaluation.20190720_171207.001.xlsx
Logs  : C:\projects\firstEvaluation\output\20190720_171206\logs\nexial-20190720_171206.log</system-out>
    </testcase>
  </testsuite>
</testsuites>
