<?xml version="1.0" encoding="UTF-8"?>
<testsuites name="20190722_184609" timestamp="2019-07-22T18:46:09" time="23.047" tests="29" errors="2">
  <testsuite id="1" name="firstEvaluation" package="firstEvaluation" hostname="DESKTOP-UOIH0F7" timestamp="2019-07-22T18:46:10" time="19.534" tests="29" errors="2">
    <properties>
      <property name="Run From" value="DESKTOP-UOIH0F7" />
      <property name="Run OS" value="x86 Windows 10 10.0" />
      <property name="Run User" value="Deepankar Pathak" />
      <property name="Iteration" value="1 of 1" />
      <property name="Script" value="firstEvaluation.xlsx" />
      <property name="Logs" value="C:\projects\firstEvaluation\output\20190722_184609\logs\nexial-20190722_184609.log" />
      <property name="Data File" value="firstEvaluation.data.xlsx" />
      <property name="DataSheet(s)" value="#default" />
      <property name="JAVA_OPT" value="-Dorg.apache.poi.util.POILogger=org.apache.poi.util.NullLogger" />
      <property name="runtime args" value="-script C:\projects\firstEvaluation\artifact\script\firstEvaluation.xlsx" />
    </properties>
    <testcase id="Activity 1" name="Activity 1" classname="JsonScenario" timestamp="2019-07-22T18:46:11" time="18.421">
      <system-out>Total : 2
Passed: 2
Failed: 0
Output: C:\projects\firstEvaluation\output\20190722_184609\firstEvaluation.20190722_184610.001.xlsx
Logs  : C:\projects\firstEvaluation\output\20190722_184609\logs\nexial-20190722_184609.log</system-out>
    </testcase>
    <testcase id="Activity 2" name="Activity 2" classname="JsonScenario" timestamp="2019-07-22T18:46:12" time="17.004">
      <system-out>Total : 11
Passed: 11
Failed: 0
Output: C:\projects\firstEvaluation\output\20190722_184609\firstEvaluation.20190722_184610.001.xlsx
Logs  : C:\projects\firstEvaluation\output\20190722_184609\logs\nexial-20190722_184609.log</system-out>
    </testcase>
    <testcase id="Activity 3" name="Activity 3" classname="JsonScenario" timestamp="2019-07-22T18:46:19" time="10.322">
      <failure type="failure found in test activity" message="1 of 4 FAILED. Check C:\projects\firstEvaluation\output\20190722_184609\firstEvaluation.20190722_184610.001.xlsx for execution result, C:\projects\firstEvaluation\output\20190722_184609\logs\nexial-20190722_184609.log for execution logs" />
      <system-out>Total : 4
Passed: 3
Failed: 1
Output: C:\projects\firstEvaluation\output\20190722_184609\firstEvaluation.20190722_184610.001.xlsx
Logs  : C:\projects\firstEvaluation\output\20190722_184609\logs\nexial-20190722_184609.log</system-out>
    </testcase>
    <testcase id="Activity 4" name="Activity 4" classname="JsonScenario" timestamp="2019-07-22T18:46:22" time="7.799">
      <system-out>Total : 2
Passed: 2
Failed: 0
Output: C:\projects\firstEvaluation\output\20190722_184609\firstEvaluation.20190722_184610.001.xlsx
Logs  : C:\projects\firstEvaluation\output\20190722_184609\logs\nexial-20190722_184609.log</system-out>
    </testcase>
    <testcase id="Activity 5" name="Activity 5" classname="JsonScenario" timestamp="2019-07-22T18:46:23" time="6.593">
      <system-out>Total : 7
Passed: 7
Failed: 0
Output: C:\projects\firstEvaluation\output\20190722_184609\firstEvaluation.20190722_184610.001.xlsx
Logs  : C:\projects\firstEvaluation\output\20190722_184609\logs\nexial-20190722_184609.log</system-out>
    </testcase>
    <testcase id="Activity 1" name="Activity 1" classname="XMLScenario" timestamp="2019-07-22T18:46:27" time="1.997">
      <failure type="failure found in test activity" message="1 of 3 FAILED. Check C:\projects\firstEvaluation\output\20190722_184609\firstEvaluation.20190722_184610.001.xlsx for execution result, C:\projects\firstEvaluation\output\20190722_184609\logs\nexial-20190722_184609.log for execution logs" />
      <system-out>Total : 3
Passed: 2
Failed: 1
Output: C:\projects\firstEvaluation\output\20190722_184609\firstEvaluation.20190722_184610.001.xlsx
Logs  : C:\projects\firstEvaluation\output\20190722_184609\logs\nexial-20190722_184609.log</system-out>
    </testcase>
  </testsuite>
</testsuites>
