<?xml version="1.0" encoding="UTF-8"?>
<testsuites name="20190723_114143" timestamp="2019-07-23T11:41:43" time="33.115" tests="36" errors="0">
  <testsuite id="1" name="firstEvaluation" package="firstEvaluation" hostname="ATMECSINDT-043" timestamp="2019-07-23T11:41:44" time="26.090" tests="36" errors="0">
    <properties>
      <property name="Run From" value="ATMECSINDT-043" />
      <property name="Run OS" value="amd64 Windows 10 10.0" />
      <property name="Run User" value="deepankar.pathal" />
      <property name="Iteration" value="1 of 1" />
      <property name="Script" value="firstEvaluation.xlsx" />
      <property name="Logs" value="C:\projects\firstEvaluation\output\20190723_114143\logs\nexial-20190723_114143.log" />
      <property name="Data File" value="firstEvaluation.data.xlsx" />
      <property name="DataSheet(s)" value="#default" />
      <property name="JAVA_OPT" value="-Dorg.apache.poi.util.POILogger=org.apache.poi.util.NullLogger" />
      <property name="runtime args" value="-script C:\projects\firstEvaluation\artifact\script\firstEvaluation.xlsx" />
    </properties>
    <testcase id="Activity 1" name="Activity 1" classname="JsonScenario" timestamp="2019-07-23T11:41:46" time="24.236">
      <system-out>Total : 2
Passed: 2
Failed: 0
Output: C:\projects\firstEvaluation\output\20190723_114143\firstEvaluation.20190723_114144.001.xlsx
Logs  : C:\projects\firstEvaluation\output\20190723_114143\logs\nexial-20190723_114143.log</system-out>
    </testcase>
    <testcase id="Activity 2" name="Activity 2" classname="JsonScenario" timestamp="2019-07-23T11:41:48" time="22.776">
      <system-out>Total : 11
Passed: 11
Failed: 0
Output: C:\projects\firstEvaluation\output\20190723_114143\firstEvaluation.20190723_114144.001.xlsx
Logs  : C:\projects\firstEvaluation\output\20190723_114143\logs\nexial-20190723_114143.log</system-out>
    </testcase>
    <testcase id="Activity 4" name="Activity 4" classname="JsonScenario" timestamp="2019-07-23T11:41:55" time="15.841">
      <system-out>Total : 2
Passed: 2
Failed: 0
Output: C:\projects\firstEvaluation\output\20190723_114143\firstEvaluation.20190723_114144.001.xlsx
Logs  : C:\projects\firstEvaluation\output\20190723_114143\logs\nexial-20190723_114143.log</system-out>
    </testcase>
    <testcase id="Activity 5" name="Activity 5" classname="JsonScenario" timestamp="2019-07-23T11:41:56" time="14.593">
      <system-out>Total : 7
Passed: 7
Failed: 0
Output: C:\projects\firstEvaluation\output\20190723_114143\firstEvaluation.20190723_114144.001.xlsx
Logs  : C:\projects\firstEvaluation\output\20190723_114143\logs\nexial-20190723_114143.log</system-out>
    </testcase>
    <testcase id="Activity 1" name="Activity 1" classname="XMLScenario" timestamp="2019-07-23T11:42:01" time="9.388">
      <system-out>Total : 3
Passed: 3
Failed: 0
Output: C:\projects\firstEvaluation\output\20190723_114143\firstEvaluation.20190723_114144.001.xlsx
Logs  : C:\projects\firstEvaluation\output\20190723_114143\logs\nexial-20190723_114143.log</system-out>
    </testcase>
    <testcase id="Activity 2" name="Activity 2" classname="XMLScenario" timestamp="2019-07-23T11:42:03" time="7.411">
      <system-out>Total : 2
Passed: 2
Failed: 0
Output: C:\projects\firstEvaluation\output\20190723_114143\firstEvaluation.20190723_114144.001.xlsx
Logs  : C:\projects\firstEvaluation\output\20190723_114143\logs\nexial-20190723_114143.log</system-out>
    </testcase>
    <testcase id="Activity 4" name="Activity 4" classname="XMLScenario" timestamp="2019-07-23T11:42:04" time="6.164">
      <system-out>Total : 2
Passed: 2
Failed: 0
Output: C:\projects\firstEvaluation\output\20190723_114143\firstEvaluation.20190723_114144.001.xlsx
Logs  : C:\projects\firstEvaluation\output\20190723_114143\logs\nexial-20190723_114143.log</system-out>
    </testcase>
    <testcase id="Activity 5" name="Activity 5" classname="XMLScenario" timestamp="2019-07-23T11:42:06" time="4.910">
      <system-out>Total : 2
Passed: 2
Failed: 0
Output: C:\projects\firstEvaluation\output\20190723_114143\firstEvaluation.20190723_114144.001.xlsx
Logs  : C:\projects\firstEvaluation\output\20190723_114143\logs\nexial-20190723_114143.log</system-out>
    </testcase>
    <testcase id="Activity 1" name="Activity 1" classname="CSVScenario" timestamp="2019-07-23T11:42:07" time="3.402">
      <system-out>Total : 5
Passed: 5
Failed: 0
Output: C:\projects\firstEvaluation\output\20190723_114143\firstEvaluation.20190723_114144.001.xlsx
Logs  : C:\projects\firstEvaluation\output\20190723_114143\logs\nexial-20190723_114143.log</system-out>
    </testcase>
  </testsuite>
</testsuites>
