<?xml version="1.0" encoding="UTF-8"?>
<testsuites name="20190729_164621" timestamp="2019-07-29T16:46:21" time="24.043" tests="10" errors="0">
  <testsuite id="1" name="secondAssignment" package="secondAssignment" hostname="ATMECSINDT-043" timestamp="2019-07-29T16:46:23" time="21.118" tests="10" errors="0">
    <properties>
      <property name="Run From" value="ATMECSINDT-043" />
      <property name="Run OS" value="amd64 Windows 10 10.0" />
      <property name="Run User" value="deepankar.pathal" />
      <property name="Iteration" value="1 of 1" />
      <property name="Script" value="secondAssignment.xlsx" />
      <property name="Logs" value="C:\projects\secondAssignment\output\20190729_164621\logs\nexial-20190729_164621.log" />
      <property name="Data File" value="secondAssignment.data.xlsx" />
      <property name="DataSheet(s)" value="#default" />
      <property name="JAVA_OPT" value="-Dorg.apache.poi.util.POILogger=org.apache.poi.util.NullLogger" />
      <property name="runtime args" value="-script C:\projects\secondAssignment\artifact\script\secondAssignment.xlsx -scenario Scenario2" />
    </properties>
    <testcase id="Activity 1" name="Activity 1" classname="Scenario2" timestamp="2019-07-29T16:46:26" time="17.617">
      <system-out>Total : 10
Passed: 10
Failed: 0
Output: C:\projects\secondAssignment\output\20190729_164621\secondAssignment.20190729_164623.001.xlsx
Logs  : C:\projects\secondAssignment\output\20190729_164621\logs\nexial-20190729_164621.log</system-out>
    </testcase>
  </testsuite>
</testsuites>
