<?xml version="1.0" encoding="UTF-8"?>
<testsuites name="20190723_142406" timestamp="2019-07-23T14:24:07" time="27.199" tests="25" errors="2">
  <testsuite id="1" name="firstEvaluation" package="firstEvaluation" hostname="ATMECSINDT-043" timestamp="2019-07-23T14:24:08" time="18.943" tests="25" errors="2">
    <properties>
      <property name="Run From" value="ATMECSINDT-043" />
      <property name="Run OS" value="amd64 Windows 10 10.0" />
      <property name="Run User" value="deepankar.pathal" />
      <property name="Iteration" value="1 of 1" />
      <property name="Script" value="firstEvaluation.xlsx" />
      <property name="Logs" value="C:\projects\firstEvaluation\output\20190723_142406\logs\nexial-20190723_142406.log" />
      <property name="Data File" value="firstEvaluation.data.xlsx" />
      <property name="DataSheet(s)" value="#default" />
      <property name="JAVA_OPT" value="-Dorg.apache.poi.util.POILogger=org.apache.poi.util.NullLogger" />
      <property name="runtime args" value="-script C:\projects\firstEvaluation\artifact\script\firstEvaluation.xlsx" />
    </properties>
    <testcase id="Activity 1" name="Activity 1" classname="JsonScenario" timestamp="2019-07-23T14:24:09" time="17.116">
      <system-out>Total : 2
Passed: 2
Failed: 0
Output: C:\projects\firstEvaluation\output\20190723_142406\firstEvaluation.20190723_142408.001.xlsx
Logs  : C:\projects\firstEvaluation\output\20190723_142406\logs\nexial-20190723_142406.log</system-out>
    </testcase>
    <testcase id="Activity 2" name="Activity 2" classname="JsonScenario" timestamp="2019-07-23T14:24:11" time="15.659">
      <system-out>Total : 11
Passed: 11
Failed: 0
Output: C:\projects\firstEvaluation\output\20190723_142406\firstEvaluation.20190723_142408.001.xlsx
Logs  : C:\projects\firstEvaluation\output\20190723_142406\logs\nexial-20190723_142406.log</system-out>
    </testcase>
    <testcase id="Activity 4" name="Activity 4" classname="JsonScenario" timestamp="2019-07-23T14:24:18" time="8.746">
      <system-out>Total : 2
Passed: 2
Failed: 0
Output: C:\projects\firstEvaluation\output\20190723_142406\firstEvaluation.20190723_142408.001.xlsx
Logs  : C:\projects\firstEvaluation\output\20190723_142406\logs\nexial-20190723_142406.log</system-out>
    </testcase>
    <testcase id="Activity 5" name="Activity 5" classname="JsonScenario" timestamp="2019-07-23T14:24:19" time="7.509">
      <system-out>Total : 6
Passed: 6
Failed: 0
Output: C:\projects\firstEvaluation\output\20190723_142406\firstEvaluation.20190723_142408.001.xlsx
Logs  : C:\projects\firstEvaluation\output\20190723_142406\logs\nexial-20190723_142406.log</system-out>
    </testcase>
    <testcase id="Activity 3" name="Activity 3" classname="JsonScenario" timestamp="2019-07-23T14:24:23" time="3.605">
      <failure type="failure found in test activity" message="2 of 4 FAILED. Check C:\projects\firstEvaluation\output\20190723_142406\firstEvaluation.20190723_142408.001.xlsx for execution result, C:\projects\firstEvaluation\output\20190723_142406\logs\nexial-20190723_142406.log for execution logs" />
      <system-out>Total : 4
Passed: 2
Failed: 2
Output: C:\projects\firstEvaluation\output\20190723_142406\firstEvaluation.20190723_142408.001.xlsx
Logs  : C:\projects\firstEvaluation\output\20190723_142406\logs\nexial-20190723_142406.log</system-out>
    </testcase>
  </testsuite>
</testsuites>
