<?xml version="1.0" encoding="UTF-8"?>
<testsuites name="20190729_172723" timestamp="2019-07-29T17:27:23" time="58.331" tests="48" errors="0">
  <testsuite id="1" name="secondAssignment, Iteration 1 of 4" package="secondAssignment" hostname="ATMECSINDT-043" timestamp="2019-07-29T17:27:24" time="20.847" tests="12" errors="0">
    <properties>
      <property name="Run From" value="ATMECSINDT-043" />
      <property name="Run OS" value="amd64 Windows 10 10.0" />
      <property name="Run User" value="deepankar.pathal" />
      <property name="Iteration" value="1 of 4" />
      <property name="Script" value="secondAssignment.xlsx" />
      <property name="Logs" value="C:\projects\secondAssignment\output\20190729_172723\logs\nexial-20190729_172723.log" />
      <property name="Data File" value="secondAssignment.data.xlsx" />
      <property name="DataSheet(s)" value="#default" />
      <property name="JAVA_OPT" value="-Dorg.apache.poi.util.POILogger=org.apache.poi.util.NullLogger" />
      <property name="runtime args" value="-script C:\projects\secondAssignment\artifact\script\secondAssignment.xlsx -scenario Scenario3" />
    </properties>
    <testcase id="Activity 1" name="Activity 1" classname="Scenario3" timestamp="2019-07-29T17:27:27" time="18.586">
      <system-out>Total : 12
Passed: 12
Failed: 0
Output: C:\projects\secondAssignment\output\20190729_172723\secondAssignment.20190729_172724.001.xlsx
Logs  : C:\projects\secondAssignment\output\20190729_172723\logs\nexial-20190729_172723.log</system-out>
    </testcase>
  </testsuite>
  <testsuite id="2" name="secondAssignment, Iteration 2 of 4" package="secondAssignment" hostname="ATMECSINDT-043" timestamp="2019-07-29T17:27:46" time="11.254" tests="12" errors="0">
    <properties>
      <property name="Run From" value="ATMECSINDT-043" />
      <property name="Run OS" value="amd64 Windows 10 10.0" />
      <property name="Run User" value="deepankar.pathal" />
      <property name="Iteration" value="2 of 4" />
      <property name="Script" value="secondAssignment.xlsx" />
      <property name="Logs" value="C:\projects\secondAssignment\output\20190729_172723\logs\nexial-20190729_172723.log" />
      <property name="Data File" value="secondAssignment.data.xlsx" />
      <property name="DataSheet(s)" value="#default" />
      <property name="JAVA_OPT" value="-Dorg.apache.poi.util.POILogger=org.apache.poi.util.NullLogger" />
      <property name="runtime args" value="-script C:\projects\secondAssignment\artifact\script\secondAssignment.xlsx -scenario Scenario3" />
    </properties>
    <testcase id="Activity 1" name="Activity 1" classname="Scenario3" timestamp="2019-07-29T17:27:47" time="10.355">
      <system-out>Total : 12
Passed: 12
Failed: 0
Output: C:\projects\secondAssignment\output\20190729_172723\secondAssignment.20190729_172746.002.xlsx
Logs  : C:\projects\secondAssignment\output\20190729_172723\logs\nexial-20190729_172723.log</system-out>
    </testcase>
  </testsuite>
  <testsuite id="3" name="secondAssignment, Iteration 3 of 4" package="secondAssignment" hostname="ATMECSINDT-043" timestamp="2019-07-29T17:27:58" time="11.595" tests="12" errors="0">
    <properties>
      <property name="Run From" value="ATMECSINDT-043" />
      <property name="Run OS" value="amd64 Windows 10 10.0" />
      <property name="Run User" value="deepankar.pathal" />
      <property name="Iteration" value="3 of 4" />
      <property name="Script" value="secondAssignment.xlsx" />
      <property name="Logs" value="C:\projects\secondAssignment\output\20190729_172723\logs\nexial-20190729_172723.log" />
      <property name="Data File" value="secondAssignment.data.xlsx" />
      <property name="DataSheet(s)" value="#default" />
      <property name="JAVA_OPT" value="-Dorg.apache.poi.util.POILogger=org.apache.poi.util.NullLogger" />
      <property name="runtime args" value="-script C:\projects\secondAssignment\artifact\script\secondAssignment.xlsx -scenario Scenario3" />
    </properties>
    <testcase id="Activity 1" name="Activity 1" classname="Scenario3" timestamp="2019-07-29T17:27:58" time="10.688">
      <system-out>Total : 12
Passed: 12
Failed: 0
Output: C:\projects\secondAssignment\output\20190729_172723\secondAssignment.20190729_172758.003.xlsx
Logs  : C:\projects\secondAssignment\output\20190729_172723\logs\nexial-20190729_172723.log</system-out>
    </testcase>
  </testsuite>
  <testsuite id="4" name="secondAssignment, Iteration 4 of 4" package="secondAssignment" hostname="ATMECSINDT-043" timestamp="2019-07-29T17:28:09" time="10.970" tests="12" errors="0">
    <properties>
      <property name="Run From" value="ATMECSINDT-043" />
      <property name="Run OS" value="amd64 Windows 10 10.0" />
      <property name="Run User" value="deepankar.pathal" />
      <property name="Iteration" value="4 of 4" />
      <property name="Script" value="secondAssignment.xlsx" />
      <property name="Logs" value="C:\projects\secondAssignment\output\20190729_172723\logs\nexial-20190729_172723.log" />
      <property name="Data File" value="secondAssignment.data.xlsx" />
      <property name="DataSheet(s)" value="#default" />
      <property name="JAVA_OPT" value="-Dorg.apache.poi.util.POILogger=org.apache.poi.util.NullLogger" />
      <property name="runtime args" value="-script C:\projects\secondAssignment\artifact\script\secondAssignment.xlsx -scenario Scenario3" />
    </properties>
    <testcase id="Activity 1" name="Activity 1" classname="Scenario3" timestamp="2019-07-29T17:28:10" time="10.276">
      <system-out>Total : 12
Passed: 12
Failed: 0
Output: C:\projects\secondAssignment\output\20190729_172723\secondAssignment.20190729_172809.004.xlsx
Logs  : C:\projects\secondAssignment\output\20190729_172723\logs\nexial-20190729_172723.log</system-out>
    </testcase>
  </testsuite>
</testsuites>
