<?xml version="1.0" encoding="UTF-8"?>
<testsuites name="20190729_171809" timestamp="2019-07-29T17:18:09" time="51.264" tests="36" errors="0">
  <testsuite id="1" name="secondAssignment, Iteration 1 of 4" package="secondAssignment" hostname="ATMECSINDT-043" timestamp="2019-07-29T17:18:10" time="19.744" tests="9" errors="0">
    <properties>
      <property name="Run From" value="ATMECSINDT-043" />
      <property name="Run OS" value="amd64 Windows 10 10.0" />
      <property name="Run User" value="deepankar.pathal" />
      <property name="Iteration" value="1 of 4" />
      <property name="Script" value="secondAssignment.xlsx" />
      <property name="Logs" value="C:\projects\secondAssignment\output\20190729_171809\logs\nexial-20190729_171809.log" />
      <property name="Data File" value="secondAssignment.data.xlsx" />
      <property name="DataSheet(s)" value="#default" />
      <property name="JAVA_OPT" value="-Dorg.apache.poi.util.POILogger=org.apache.poi.util.NullLogger" />
      <property name="runtime args" value="-script C:\projects\secondAssignment\artifact\script\secondAssignment.xlsx -scenario Scenario3" />
    </properties>
    <testcase id="Activity 1" name="Activity 1" classname="Scenario3" timestamp="2019-07-29T17:18:12" time="17.277">
      <system-out>Total : 9
Passed: 9
Failed: 0
Output: C:\projects\secondAssignment\output\20190729_171809\secondAssignment.20190729_171810.001.xlsx
Logs  : C:\projects\secondAssignment\output\20190729_171809\logs\nexial-20190729_171809.log</system-out>
    </testcase>
  </testsuite>
  <testsuite id="2" name="secondAssignment, Iteration 2 of 4" package="secondAssignment" hostname="ATMECSINDT-043" timestamp="2019-07-29T17:18:30" time="9.500" tests="9" errors="0">
    <properties>
      <property name="Run From" value="ATMECSINDT-043" />
      <property name="Run OS" value="amd64 Windows 10 10.0" />
      <property name="Run User" value="deepankar.pathal" />
      <property name="Iteration" value="2 of 4" />
      <property name="Script" value="secondAssignment.xlsx" />
      <property name="Logs" value="C:\projects\secondAssignment\output\20190729_171809\logs\nexial-20190729_171809.log" />
      <property name="Data File" value="secondAssignment.data.xlsx" />
      <property name="DataSheet(s)" value="#default" />
      <property name="JAVA_OPT" value="-Dorg.apache.poi.util.POILogger=org.apache.poi.util.NullLogger" />
      <property name="runtime args" value="-script C:\projects\secondAssignment\artifact\script\secondAssignment.xlsx -scenario Scenario3" />
    </properties>
    <testcase id="Activity 1" name="Activity 1" classname="Scenario3" timestamp="2019-07-29T17:18:32" time="8.347">
      <system-out>Total : 9
Passed: 9
Failed: 0
Output: C:\projects\secondAssignment\output\20190729_171809\secondAssignment.20190729_171830.002.xlsx
Logs  : C:\projects\secondAssignment\output\20190729_171809\logs\nexial-20190729_171809.log</system-out>
    </testcase>
  </testsuite>
  <testsuite id="3" name="secondAssignment, Iteration 3 of 4" package="secondAssignment" hostname="ATMECSINDT-043" timestamp="2019-07-29T17:18:40" time="9.185" tests="9" errors="0">
    <properties>
      <property name="Run From" value="ATMECSINDT-043" />
      <property name="Run OS" value="amd64 Windows 10 10.0" />
      <property name="Run User" value="deepankar.pathal" />
      <property name="Iteration" value="3 of 4" />
      <property name="Script" value="secondAssignment.xlsx" />
      <property name="Logs" value="C:\projects\secondAssignment\output\20190729_171809\logs\nexial-20190729_171809.log" />
      <property name="Data File" value="secondAssignment.data.xlsx" />
      <property name="DataSheet(s)" value="#default" />
      <property name="JAVA_OPT" value="-Dorg.apache.poi.util.POILogger=org.apache.poi.util.NullLogger" />
      <property name="runtime args" value="-script C:\projects\secondAssignment\artifact\script\secondAssignment.xlsx -scenario Scenario3" />
    </properties>
    <testcase id="Activity 1" name="Activity 1" classname="Scenario3" timestamp="2019-07-29T17:18:41" time="8.487">
      <system-out>Total : 9
Passed: 9
Failed: 0
Output: C:\projects\secondAssignment\output\20190729_171809\secondAssignment.20190729_171840.003.xlsx
Logs  : C:\projects\secondAssignment\output\20190729_171809\logs\nexial-20190729_171809.log</system-out>
    </testcase>
  </testsuite>
  <testsuite id="4" name="secondAssignment, Iteration 4 of 4" package="secondAssignment" hostname="ATMECSINDT-043" timestamp="2019-07-29T17:18:50" time="9.080" tests="9" errors="0">
    <properties>
      <property name="Run From" value="ATMECSINDT-043" />
      <property name="Run OS" value="amd64 Windows 10 10.0" />
      <property name="Run User" value="deepankar.pathal" />
      <property name="Iteration" value="4 of 4" />
      <property name="Script" value="secondAssignment.xlsx" />
      <property name="Logs" value="C:\projects\secondAssignment\output\20190729_171809\logs\nexial-20190729_171809.log" />
      <property name="Data File" value="secondAssignment.data.xlsx" />
      <property name="DataSheet(s)" value="#default" />
      <property name="JAVA_OPT" value="-Dorg.apache.poi.util.POILogger=org.apache.poi.util.NullLogger" />
      <property name="runtime args" value="-script C:\projects\secondAssignment\artifact\script\secondAssignment.xlsx -scenario Scenario3" />
    </properties>
    <testcase id="Activity 1" name="Activity 1" classname="Scenario3" timestamp="2019-07-29T17:18:50" time="8.410">
      <system-out>Total : 9
Passed: 9
Failed: 0
Output: C:\projects\secondAssignment\output\20190729_171809\secondAssignment.20190729_171850.004.xlsx
Logs  : C:\projects\secondAssignment\output\20190729_171809\logs\nexial-20190729_171809.log</system-out>
    </testcase>
  </testsuite>
</testsuites>
