<?xml version="1.0" encoding="UTF-8"?>
<testsuites name="20190729_162851" timestamp="2019-07-29T16:28:51" time="22.020" tests="10" errors="0">
  <testsuite id="1" name="secondAssignment" package="secondAssignment" hostname="ATMECSINDT-043" timestamp="2019-07-29T16:28:52" time="19.595" tests="10" errors="0">
    <properties>
      <property name="Run From" value="ATMECSINDT-043" />
      <property name="Run OS" value="amd64 Windows 10 10.0" />
      <property name="Run User" value="deepankar.pathal" />
      <property name="Iteration" value="1 of 1" />
      <property name="Script" value="secondAssignment.xlsx" />
      <property name="Logs" value="C:\projects\secondAssignment\output\20190729_162851\logs\nexial-20190729_162851.log" />
      <property name="Data File" value="secondAssignment.data.xlsx" />
      <property name="DataSheet(s)" value="#default" />
      <property name="JAVA_OPT" value="-Dorg.apache.poi.util.POILogger=org.apache.poi.util.NullLogger" />
      <property name="runtime args" value="-script C:\projects\secondAssignment\artifact\script\secondAssignment.xlsx -scenario Scenario2" />
    </properties>
    <testcase id="Activity 1" name="Activity 1" classname="Scenario2" timestamp="2019-07-29T16:28:54" time="17.428">
      <system-out>Total : 10
Passed: 10
Failed: 0
Output: C:\projects\secondAssignment\output\20190729_162851\secondAssignment.20190729_162852.001.xlsx
Logs  : C:\projects\secondAssignment\output\20190729_162851\logs\nexial-20190729_162851.log</system-out>
    </testcase>
  </testsuite>
</testsuites>
