<?xml version="1.0" encoding="UTF-8"?>
<testsuites name="20190722_180801" timestamp="2019-07-22T18:08:01" time="22.048" tests="27" errors="2">
  <testsuite id="1" name="firstEvaluation" package="firstEvaluation" hostname="DESKTOP-UOIH0F7" timestamp="2019-07-22T18:08:02" time="18.233" tests="27" errors="2">
    <properties>
      <property name="Run From" value="DESKTOP-UOIH0F7" />
      <property name="Run OS" value="x86 Windows 10 10.0" />
      <property name="Run User" value="Deepankar Pathak" />
      <property name="Iteration" value="1 of 1" />
      <property name="Script" value="firstEvaluation.xlsx" />
      <property name="Logs" value="C:\projects\firstEvaluation\output\20190722_180801\logs\nexial-20190722_180801.log" />
      <property name="Data File" value="firstEvaluation.data.xlsx" />
      <property name="DataSheet(s)" value="#default" />
      <property name="JAVA_OPT" value="-Dorg.apache.poi.util.POILogger=org.apache.poi.util.NullLogger" />
      <property name="runtime args" value="-script C:\projects\firstEvaluation\artifact\script\firstEvaluation.xlsx" />
    </properties>
    <testcase id="Activity 1" name="Activity 1" classname="JsonScenario" timestamp="2019-07-22T18:08:03" time="17.121">
      <system-out>Total : 2
Passed: 2
Failed: 0
Output: C:\projects\firstEvaluation\output\20190722_180801\firstEvaluation.20190722_180802.001.xlsx
Logs  : C:\projects\firstEvaluation\output\20190722_180801\logs\nexial-20190722_180801.log</system-out>
    </testcase>
    <testcase id="Activity 2" name="Activity 2" classname="JsonScenario" timestamp="2019-07-22T18:08:04" time="15.696">
      <system-out>Total : 11
Passed: 11
Failed: 0
Output: C:\projects\firstEvaluation\output\20190722_180801\firstEvaluation.20190722_180802.001.xlsx
Logs  : C:\projects\firstEvaluation\output\20190722_180801\logs\nexial-20190722_180801.log</system-out>
    </testcase>
    <testcase id="Activity 3" name="Activity 3" classname="JsonScenario" timestamp="2019-07-22T18:08:11" time="9.029">
      <failure type="failure found in test activity" message="1 of 4 FAILED. Check C:\projects\firstEvaluation\output\20190722_180801\firstEvaluation.20190722_180802.001.xlsx for execution result, C:\projects\firstEvaluation\output\20190722_180801\logs\nexial-20190722_180801.log for execution logs" />
      <system-out>Total : 4
Passed: 3
Failed: 1
Output: C:\projects\firstEvaluation\output\20190722_180801\firstEvaluation.20190722_180802.001.xlsx
Logs  : C:\projects\firstEvaluation\output\20190722_180801\logs\nexial-20190722_180801.log</system-out>
    </testcase>
    <testcase id="Activity 4" name="Activity 4" classname="JsonScenario" timestamp="2019-07-22T18:08:14" time="6.512">
      <system-out>Total : 2
Passed: 2
Failed: 0
Output: C:\projects\firstEvaluation\output\20190722_180801\firstEvaluation.20190722_180802.001.xlsx
Logs  : C:\projects\firstEvaluation\output\20190722_180801\logs\nexial-20190722_180801.log</system-out>
    </testcase>
    <testcase id="Activity 5" name="Activity 5" classname="JsonScenario" timestamp="2019-07-22T18:08:15" time="5.303">
      <system-out>Total : 7
Passed: 7
Failed: 0
Output: C:\projects\firstEvaluation\output\20190722_180801\firstEvaluation.20190722_180802.001.xlsx
Logs  : C:\projects\firstEvaluation\output\20190722_180801\logs\nexial-20190722_180801.log</system-out>
    </testcase>
    <testcase id="Activity 1" name="Activity 1" classname="XMLScenario" timestamp="2019-07-22T18:08:19" time="0.718">
      <failure type="failure found in test activity" message="1 of 1 FAILED. Check C:\projects\firstEvaluation\output\20190722_180801\firstEvaluation.20190722_180802.001.xlsx for execution result, C:\projects\firstEvaluation\output\20190722_180801\logs\nexial-20190722_180801.log for execution logs" />
      <system-out>Total : 1
Passed: 0
Failed: 1
Output: C:\projects\firstEvaluation\output\20190722_180801\firstEvaluation.20190722_180802.001.xlsx
Logs  : C:\projects\firstEvaluation\output\20190722_180801\logs\nexial-20190722_180801.log</system-out>
    </testcase>
  </testsuite>
</testsuites>
