<?xml version="1.0" encoding="UTF-8"?>
<testsuites name="20190719_173819" timestamp="2019-07-19T17:38:19" time="13.013" tests="2" errors="0">
  <testsuite id="1" name="firstEvaluation" package="firstEvaluation" hostname="ATMECSINDT-043" timestamp="2019-07-19T17:38:20" time="3.697" tests="2" errors="0">
    <properties>
      <property name="Run From" value="ATMECSINDT-043" />
      <property name="Run OS" value="amd64 Windows 10 10.0" />
      <property name="Run User" value="deepankar.pathal" />
      <property name="Iteration" value="1 of 1" />
      <property name="Script" value="firstEvaluation.xlsx" />
      <property name="Logs" value="C:\projects\firstEvaluation\output\20190719_173819\logs\nexial-20190719_173819.log" />
      <property name="Data File" value="firstEvaluation.data.xlsx" />
      <property name="DataSheet(s)" value="#default" />
      <property name="JAVA_OPT" value="-Dorg.apache.poi.util.POILogger=org.apache.poi.util.NullLogger" />
      <property name="runtime args" value="-script C:\projects\firstEvaluation\artifact\script\firstEvaluation.xlsx" />
    </properties>
    <testcase id="Activity 1" name="Activity 1" classname="JsonScenario" timestamp="2019-07-19T17:38:22" time="1.958">
      <system-out>Total : 2
Passed: 2
Failed: 0
Output: C:\projects\firstEvaluation\output\20190719_173819\firstEvaluation.20190719_173820.001.xlsx
Logs  : C:\projects\firstEvaluation\output\20190719_173819\logs\nexial-20190719_173819.log</system-out>
    </testcase>
  </testsuite>
</testsuites>
