<?xml version="1.0" encoding="UTF-8"?>
<testsuites name="20190719_165249" timestamp="2019-07-19T16:52:49" time="11.036" tests="3" errors="0">
  <testsuite id="1001" name="1 exampleProject" package="1 exampleProject" hostname="ATMECSINDT-043" timestamp="2019-07-19T16:52:50" time="4.639" tests="3" errors="0">
    <properties>
      <property name="Run From" value="ATMECSINDT-043" />
      <property name="Run OS" value="amd64 Windows 10 10.0" />
      <property name="Run User" value="deepankar.pathal" />
      <property name="Iteration" value="1 of 1" />
      <property name="Script" value="exampleProject.xlsx" />
      <property name="Logs" value="C:\projects\exampleProject\output\20190719_165249\logs\nexial-20190719_165249.log" />
      <property name="Data File" value="exampleProject.data.xlsx" />
      <property name="DataSheet(s)" value="#default" />
      <property name="JAVA_OPT" value="-Dorg.apache.poi.util.POILogger=org.apache.poi.util.NullLogger" />
      <property name="runtime args" value="-plan C:\projects\exampleProject\artifact\plan\exampleProject-plan.xlsx" />
    </properties>
    <testcase id="Activity 1" name="Activity 1" classname="Scenario4" timestamp="2019-07-19T16:52:53" time="2.505">
      <system-out>Total : 3
Passed: 3
Failed: 0
Output: C:\projects\exampleProject\output\20190719_165249\exampleProject-plan.001,exampleProject.20190719_165250.001.xlsx
Logs  : C:\projects\exampleProject\output\20190719_165249\logs\nexial-20190719_165249.log</system-out>
    </testcase>
  </testsuite>
</testsuites>
