<?xml version="1.0" encoding="UTF-8"?>
<testsuites name="20190723_114300" timestamp="2019-07-23T11:43:00" time="36.129" tests="46" errors="0">
  <testsuite id="1" name="firstEvaluation" package="firstEvaluation" hostname="ATMECSINDT-043" timestamp="2019-07-23T11:43:01" time="32.720" tests="46" errors="0">
    <properties>
      <property name="Run From" value="ATMECSINDT-043" />
      <property name="Run OS" value="amd64 Windows 10 10.0" />
      <property name="Run User" value="deepankar.pathal" />
      <property name="Iteration" value="1 of 1" />
      <property name="Script" value="firstEvaluation.xlsx" />
      <property name="Logs" value="C:\projects\firstEvaluation\output\20190723_114300\logs\nexial-20190723_114300.log" />
      <property name="Data File" value="firstEvaluation.data.xlsx" />
      <property name="DataSheet(s)" value="#default" />
      <property name="JAVA_OPT" value="-Dorg.apache.poi.util.POILogger=org.apache.poi.util.NullLogger" />
      <property name="runtime args" value="-script C:\projects\firstEvaluation\artifact\script\firstEvaluation.xlsx" />
    </properties>
    <testcase id="Activity 1" name="Activity 1" classname="JsonScenario" timestamp="2019-07-23T11:43:03" time="30.814">
      <system-out>Total : 2
Passed: 2
Failed: 0
Output: C:\projects\firstEvaluation\output\20190723_114300\firstEvaluation.20190723_114301.001.xlsx
Logs  : C:\projects\firstEvaluation\output\20190723_114300\logs\nexial-20190723_114300.log</system-out>
    </testcase>
    <testcase id="Activity 2" name="Activity 2" classname="JsonScenario" timestamp="2019-07-23T11:43:04" time="29.260">
      <system-out>Total : 11
Passed: 11
Failed: 0
Output: C:\projects\firstEvaluation\output\20190723_114300\firstEvaluation.20190723_114301.001.xlsx
Logs  : C:\projects\firstEvaluation\output\20190723_114300\logs\nexial-20190723_114300.log</system-out>
    </testcase>
    <testcase id="Activity 4" name="Activity 4" classname="JsonScenario" timestamp="2019-07-23T11:43:11" time="22.291">
      <system-out>Total : 2
Passed: 2
Failed: 0
Output: C:\projects\firstEvaluation\output\20190723_114300\firstEvaluation.20190723_114301.001.xlsx
Logs  : C:\projects\firstEvaluation\output\20190723_114300\logs\nexial-20190723_114300.log</system-out>
    </testcase>
    <testcase id="Activity 5" name="Activity 5" classname="JsonScenario" timestamp="2019-07-23T11:43:12" time="21.040">
      <system-out>Total : 7
Passed: 7
Failed: 0
Output: C:\projects\firstEvaluation\output\20190723_114300\firstEvaluation.20190723_114301.001.xlsx
Logs  : C:\projects\firstEvaluation\output\20190723_114300\logs\nexial-20190723_114300.log</system-out>
    </testcase>
    <testcase id="Activity 1" name="Activity 1" classname="XMLScenario" timestamp="2019-07-23T11:43:17" time="15.967">
      <system-out>Total : 3
Passed: 3
Failed: 0
Output: C:\projects\firstEvaluation\output\20190723_114300\firstEvaluation.20190723_114301.001.xlsx
Logs  : C:\projects\firstEvaluation\output\20190723_114300\logs\nexial-20190723_114300.log</system-out>
    </testcase>
    <testcase id="Activity 2" name="Activity 2" classname="XMLScenario" timestamp="2019-07-23T11:43:19" time="14.006">
      <system-out>Total : 2
Passed: 2
Failed: 0
Output: C:\projects\firstEvaluation\output\20190723_114300\firstEvaluation.20190723_114301.001.xlsx
Logs  : C:\projects\firstEvaluation\output\20190723_114300\logs\nexial-20190723_114300.log</system-out>
    </testcase>
    <testcase id="Activity 4" name="Activity 4" classname="XMLScenario" timestamp="2019-07-23T11:43:21" time="12.765">
      <system-out>Total : 2
Passed: 2
Failed: 0
Output: C:\projects\firstEvaluation\output\20190723_114300\firstEvaluation.20190723_114301.001.xlsx
Logs  : C:\projects\firstEvaluation\output\20190723_114300\logs\nexial-20190723_114300.log</system-out>
    </testcase>
    <testcase id="Activity 5" name="Activity 5" classname="XMLScenario" timestamp="2019-07-23T11:43:22" time="11.510">
      <system-out>Total : 2
Passed: 2
Failed: 0
Output: C:\projects\firstEvaluation\output\20190723_114300\firstEvaluation.20190723_114301.001.xlsx
Logs  : C:\projects\firstEvaluation\output\20190723_114300\logs\nexial-20190723_114300.log</system-out>
    </testcase>
    <testcase id="Activity 1" name="Activity 1" classname="CSVScenario" timestamp="2019-07-23T11:43:23" time="10.032">
      <system-out>Total : 5
Passed: 5
Failed: 0
Output: C:\projects\firstEvaluation\output\20190723_114300\firstEvaluation.20190723_114301.001.xlsx
Logs  : C:\projects\firstEvaluation\output\20190723_114300\logs\nexial-20190723_114300.log</system-out>
    </testcase>
    <testcase id="Activity 2" name="Activity 2" classname="CSVScenario" timestamp="2019-07-23T11:43:27" time="6.868">
      <system-out>Total : 2
Passed: 2
Failed: 0
Output: C:\projects\firstEvaluation\output\20190723_114300\firstEvaluation.20190723_114301.001.xlsx
Logs  : C:\projects\firstEvaluation\output\20190723_114300\logs\nexial-20190723_114300.log</system-out>
    </testcase>
    <testcase id="Activity 3" name="Activity 3" classname="CSVScenario" timestamp="2019-07-23T11:43:28" time="5.612">
      <system-out>Total : 3
Passed: 3
Failed: 0
Output: C:\projects\firstEvaluation\output\20190723_114300\firstEvaluation.20190723_114301.001.xlsx
Logs  : C:\projects\firstEvaluation\output\20190723_114300\logs\nexial-20190723_114300.log</system-out>
    </testcase>
    <testcase id="Activity 4" name="Activity 4" classname="CSVScenario" timestamp="2019-07-23T11:43:30" time="3.699">
      <system-out>Total : 3
Passed: 3
Failed: 0
Output: C:\projects\firstEvaluation\output\20190723_114300\firstEvaluation.20190723_114301.001.xlsx
Logs  : C:\projects\firstEvaluation\output\20190723_114300\logs\nexial-20190723_114300.log</system-out>
    </testcase>
    <testcase id="Activity 5" name="Activity 5" classname="CSVScenario" timestamp="2019-07-23T11:43:32" time="1.804">
      <system-out>Total : 1
Passed: 1
Failed: 0
Output: C:\projects\firstEvaluation\output\20190723_114300\firstEvaluation.20190723_114301.001.xlsx
Logs  : C:\projects\firstEvaluation\output\20190723_114300\logs\nexial-20190723_114300.log</system-out>
    </testcase>
    <testcase id="Activity 6" name="Activity 6" classname="CSVScenario" timestamp="2019-07-23T11:43:32" time="1.047">
      <system-out>Total : 1
Passed: 1
Failed: 0
Output: C:\projects\firstEvaluation\output\20190723_114300\firstEvaluation.20190723_114301.001.xlsx
Logs  : C:\projects\firstEvaluation\output\20190723_114300\logs\nexial-20190723_114300.log</system-out>
    </testcase>
  </testsuite>
</testsuites>
