<?xml version="1.0" encoding="UTF-8"?>
<testsuites name="20190719_162130" timestamp="2019-07-19T16:21:30" time="12.115" tests="2" errors="1">
  <testsuite id="1001" name="1 exampleProject" package="1 exampleProject" hostname="ATMECSINDT-043" timestamp="2019-07-19T16:21:31" time="3.889" tests="2" errors="1">
    <properties>
      <property name="Run From" value="ATMECSINDT-043" />
      <property name="Run OS" value="amd64 Windows 10 10.0" />
      <property name="Run User" value="deepankar.pathal" />
      <property name="Iteration" value="1 of 1" />
      <property name="Script" value="exampleProject.xlsx" />
      <property name="Logs" value="C:\projects\exampleProject\output\20190719_162130\logs\nexial-20190719_162130.log" />
      <property name="Data File" value="exampleProject.data.xlsx" />
      <property name="DataSheet(s)" value="#default" />
      <property name="JAVA_OPT" value="-Dorg.apache.poi.util.POILogger=org.apache.poi.util.NullLogger" />
      <property name="runtime args" value="-plan C:\projects\exampleProject\artifact\plan\exampleProject-plan.xlsx" />
    </properties>
    <testcase id="Activity 1" name="Activity 1" classname="Scenario4" timestamp="2019-07-19T16:21:33" time="1.790">
      <failure type="failure found in test activity" message="1 of 2 FAILED. Check C:\projects\exampleProject\output\20190719_162130\exampleProject-plan.001,exampleProject.20190719_162131.001.xlsx for execution result, C:\projects\exampleProject\output\20190719_162130\logs\nexial-20190719_162130.log for execution logs" />
      <system-out>Total : 2
Passed: 1
Failed: 1
Output: C:\projects\exampleProject\output\20190719_162130\exampleProject-plan.001,exampleProject.20190719_162131.001.xlsx
Logs  : C:\projects\exampleProject\output\20190719_162130\logs\nexial-20190719_162130.log</system-out>
    </testcase>
  </testsuite>
</testsuites>
