<?xml version="1.0" encoding="UTF-8"?>
<testsuites name="20190719_175958" timestamp="2019-07-19T17:59:58" time="10.075" tests="4" errors="1">
  <testsuite id="1" name="firstEvaluation" package="firstEvaluation" hostname="ATMECSINDT-043" timestamp="2019-07-19T18:00:00" time="5.016" tests="4" errors="1">
    <properties>
      <property name="Run From" value="ATMECSINDT-043" />
      <property name="Run OS" value="amd64 Windows 10 10.0" />
      <property name="Run User" value="deepankar.pathal" />
      <property name="Iteration" value="1 of 1" />
      <property name="Script" value="firstEvaluation.xlsx" />
      <property name="Logs" value="C:\projects\firstEvaluation\output\20190719_175958\logs\nexial-20190719_175958.log" />
      <property name="Data File" value="firstEvaluation.data.xlsx" />
      <property name="DataSheet(s)" value="#default" />
      <property name="JAVA_OPT" value="-Dorg.apache.poi.util.POILogger=org.apache.poi.util.NullLogger" />
      <property name="runtime args" value="-script C:\projects\firstEvaluation\artifact\script\firstEvaluation.xlsx" />
    </properties>
    <testcase id="Activity 1" name="Activity 1" classname="JsonScenario" timestamp="2019-07-19T18:00:01" time="3.203">
      <system-out>Total : 2
Passed: 2
Failed: 0
Output: C:\projects\firstEvaluation\output\20190719_175958\firstEvaluation.20190719_180000.001.xlsx
Logs  : C:\projects\firstEvaluation\output\20190719_175958\logs\nexial-20190719_175958.log</system-out>
    </testcase>
    <testcase id="Activity 2" name="Activity 2" classname="JsonScenario" timestamp="2019-07-19T18:00:03" time="1.703">
      <failure type="failure found in test activity" message="1 of 2 FAILED. Check C:\projects\firstEvaluation\output\20190719_175958\firstEvaluation.20190719_180000.001.xlsx for execution result, C:\projects\firstEvaluation\output\20190719_175958\logs\nexial-20190719_175958.log for execution logs" />
      <system-out>Total : 2
Passed: 1
Failed: 1
Output: C:\projects\firstEvaluation\output\20190719_175958\firstEvaluation.20190719_180000.001.xlsx
Logs  : C:\projects\firstEvaluation\output\20190719_175958\logs\nexial-20190719_175958.log</system-out>
    </testcase>
  </testsuite>
</testsuites>
