<?xml version="1.0" encoding="UTF-8"?>
<testsuites name="20190723_113631" timestamp="2019-07-23T11:36:31" time="34.101" tests="36" errors="0">
  <testsuite id="1" name="firstEvaluation" package="firstEvaluation" hostname="ATMECSINDT-043" timestamp="2019-07-23T11:36:32" time="26.151" tests="36" errors="0">
    <properties>
      <property name="Run From" value="ATMECSINDT-043" />
      <property name="Run OS" value="amd64 Windows 10 10.0" />
      <property name="Run User" value="deepankar.pathal" />
      <property name="Iteration" value="1 of 1" />
      <property name="Script" value="firstEvaluation.xlsx" />
      <property name="Logs" value="C:\projects\firstEvaluation\output\20190723_113631\logs\nexial-20190723_113631.log" />
      <property name="Data File" value="firstEvaluation.data.xlsx" />
      <property name="DataSheet(s)" value="#default" />
      <property name="JAVA_OPT" value="-Dorg.apache.poi.util.POILogger=org.apache.poi.util.NullLogger" />
      <property name="runtime args" value="-script C:\projects\firstEvaluation\artifact\script\firstEvaluation.xlsx" />
    </properties>
    <testcase id="Activity 1" name="Activity 1" classname="JsonScenario" timestamp="2019-07-23T11:36:34" time="24.354">
      <system-out>Total : 2
Passed: 2
Failed: 0
Output: C:\projects\firstEvaluation\output\20190723_113631\firstEvaluation.20190723_113632.001.xlsx
Logs  : C:\projects\firstEvaluation\output\20190723_113631\logs\nexial-20190723_113631.log</system-out>
    </testcase>
    <testcase id="Activity 2" name="Activity 2" classname="JsonScenario" timestamp="2019-07-23T11:36:35" time="22.860">
      <system-out>Total : 11
Passed: 11
Failed: 0
Output: C:\projects\firstEvaluation\output\20190723_113631\firstEvaluation.20190723_113632.001.xlsx
Logs  : C:\projects\firstEvaluation\output\20190723_113631\logs\nexial-20190723_113631.log</system-out>
    </testcase>
    <testcase id="Activity 4" name="Activity 4" classname="JsonScenario" timestamp="2019-07-23T11:36:42" time="15.976">
      <system-out>Total : 2
Passed: 2
Failed: 0
Output: C:\projects\firstEvaluation\output\20190723_113631\firstEvaluation.20190723_113632.001.xlsx
Logs  : C:\projects\firstEvaluation\output\20190723_113631\logs\nexial-20190723_113631.log</system-out>
    </testcase>
    <testcase id="Activity 5" name="Activity 5" classname="JsonScenario" timestamp="2019-07-23T11:36:43" time="14.725">
      <system-out>Total : 7
Passed: 7
Failed: 0
Output: C:\projects\firstEvaluation\output\20190723_113631\firstEvaluation.20190723_113632.001.xlsx
Logs  : C:\projects\firstEvaluation\output\20190723_113631\logs\nexial-20190723_113631.log</system-out>
    </testcase>
    <testcase id="Activity 1" name="Activity 1" classname="XMLScenario" timestamp="2019-07-23T11:36:48" time="9.560">
      <system-out>Total : 3
Passed: 3
Failed: 0
Output: C:\projects\firstEvaluation\output\20190723_113631\firstEvaluation.20190723_113632.001.xlsx
Logs  : C:\projects\firstEvaluation\output\20190723_113631\logs\nexial-20190723_113631.log</system-out>
    </testcase>
    <testcase id="Activity 2" name="Activity 2" classname="XMLScenario" timestamp="2019-07-23T11:36:50" time="7.521">
      <system-out>Total : 2
Passed: 2
Failed: 0
Output: C:\projects\firstEvaluation\output\20190723_113631\firstEvaluation.20190723_113632.001.xlsx
Logs  : C:\projects\firstEvaluation\output\20190723_113631\logs\nexial-20190723_113631.log</system-out>
    </testcase>
    <testcase id="Activity 4" name="Activity 4" classname="XMLScenario" timestamp="2019-07-23T11:36:52" time="6.287">
      <system-out>Total : 2
Passed: 2
Failed: 0
Output: C:\projects\firstEvaluation\output\20190723_113631\firstEvaluation.20190723_113632.001.xlsx
Logs  : C:\projects\firstEvaluation\output\20190723_113631\logs\nexial-20190723_113631.log</system-out>
    </testcase>
    <testcase id="Activity 5" name="Activity 5" classname="XMLScenario" timestamp="2019-07-23T11:36:53" time="5.012">
      <system-out>Total : 2
Passed: 2
Failed: 0
Output: C:\projects\firstEvaluation\output\20190723_113631\firstEvaluation.20190723_113632.001.xlsx
Logs  : C:\projects\firstEvaluation\output\20190723_113631\logs\nexial-20190723_113631.log</system-out>
    </testcase>
    <testcase id="Activity 1" name="Activity 1" classname="CSVScenario" timestamp="2019-07-23T11:36:54" time="3.532">
      <system-out>Total : 5
Passed: 5
Failed: 0
Output: C:\projects\firstEvaluation\output\20190723_113631\firstEvaluation.20190723_113632.001.xlsx
Logs  : C:\projects\firstEvaluation\output\20190723_113631\logs\nexial-20190723_113631.log</system-out>
    </testcase>
  </testsuite>
</testsuites>
