<?xml version="1.0" encoding="UTF-8"?>
<testsuites name="20190723_115352" timestamp="2019-07-23T11:53:52" time="44.171" tests="45" errors="0">
  <testsuite id="1" name="firstEvaluation" package="firstEvaluation" hostname="ATMECSINDT-043" timestamp="2019-07-23T11:53:53" time="32.212" tests="45" errors="0">
    <properties>
      <property name="Run From" value="ATMECSINDT-043" />
      <property name="Run OS" value="amd64 Windows 10 10.0" />
      <property name="Run User" value="deepankar.pathal" />
      <property name="Iteration" value="1 of 1" />
      <property name="Script" value="firstEvaluation.xlsx" />
      <property name="Logs" value="C:\projects\firstEvaluation\output\20190723_115352\logs\nexial-20190723_115352.log" />
      <property name="Data File" value="firstEvaluation.data.xlsx" />
      <property name="DataSheet(s)" value="#default" />
      <property name="JAVA_OPT" value="-Dorg.apache.poi.util.POILogger=org.apache.poi.util.NullLogger" />
      <property name="runtime args" value="-script C:\projects\firstEvaluation\artifact\script\firstEvaluation.xlsx" />
    </properties>
    <testcase id="Activity 1" name="Activity 1" classname="JsonScenario" timestamp="2019-07-23T11:53:55" time="30.301">
      <system-out>Total : 2
Passed: 2
Failed: 0
Output: C:\projects\firstEvaluation\output\20190723_115352\firstEvaluation.20190723_115353.001.xlsx
Logs  : C:\projects\firstEvaluation\output\20190723_115352\logs\nexial-20190723_115352.log</system-out>
    </testcase>
    <testcase id="Activity 2" name="Activity 2" classname="JsonScenario" timestamp="2019-07-23T11:53:57" time="28.845">
      <system-out>Total : 11
Passed: 11
Failed: 0
Output: C:\projects\firstEvaluation\output\20190723_115352\firstEvaluation.20190723_115353.001.xlsx
Logs  : C:\projects\firstEvaluation\output\20190723_115352\logs\nexial-20190723_115352.log</system-out>
    </testcase>
    <testcase id="Activity 4" name="Activity 4" classname="JsonScenario" timestamp="2019-07-23T11:54:03" time="21.976">
      <system-out>Total : 2
Passed: 2
Failed: 0
Output: C:\projects\firstEvaluation\output\20190723_115352\firstEvaluation.20190723_115353.001.xlsx
Logs  : C:\projects\firstEvaluation\output\20190723_115352\logs\nexial-20190723_115352.log</system-out>
    </testcase>
    <testcase id="Activity 5" name="Activity 5" classname="JsonScenario" timestamp="2019-07-23T11:54:05" time="20.707">
      <system-out>Total : 6
Passed: 6
Failed: 0
Output: C:\projects\firstEvaluation\output\20190723_115352\firstEvaluation.20190723_115353.001.xlsx
Logs  : C:\projects\firstEvaluation\output\20190723_115352\logs\nexial-20190723_115352.log</system-out>
    </testcase>
    <testcase id="Activity 1" name="Activity 1" classname="XMLScenario" timestamp="2019-07-23T11:54:09" time="16.239">
      <system-out>Total : 3
Passed: 3
Failed: 0
Output: C:\projects\firstEvaluation\output\20190723_115352\firstEvaluation.20190723_115353.001.xlsx
Logs  : C:\projects\firstEvaluation\output\20190723_115352\logs\nexial-20190723_115352.log</system-out>
    </testcase>
    <testcase id="Activity 2" name="Activity 2" classname="XMLScenario" timestamp="2019-07-23T11:54:11" time="14.219">
      <system-out>Total : 2
Passed: 2
Failed: 0
Output: C:\projects\firstEvaluation\output\20190723_115352\firstEvaluation.20190723_115353.001.xlsx
Logs  : C:\projects\firstEvaluation\output\20190723_115352\logs\nexial-20190723_115352.log</system-out>
    </testcase>
    <testcase id="Activity 4" name="Activity 4" classname="XMLScenario" timestamp="2019-07-23T11:54:12" time="12.989">
      <system-out>Total : 2
Passed: 2
Failed: 0
Output: C:\projects\firstEvaluation\output\20190723_115352\firstEvaluation.20190723_115353.001.xlsx
Logs  : C:\projects\firstEvaluation\output\20190723_115352\logs\nexial-20190723_115352.log</system-out>
    </testcase>
    <testcase id="Activity 5" name="Activity 5" classname="XMLScenario" timestamp="2019-07-23T11:54:14" time="11.713">
      <system-out>Total : 2
Passed: 2
Failed: 0
Output: C:\projects\firstEvaluation\output\20190723_115352\firstEvaluation.20190723_115353.001.xlsx
Logs  : C:\projects\firstEvaluation\output\20190723_115352\logs\nexial-20190723_115352.log</system-out>
    </testcase>
    <testcase id="Activity 1" name="Activity 1" classname="CSVScenario" timestamp="2019-07-23T11:54:15" time="10.187">
      <system-out>Total : 5
Passed: 5
Failed: 0
Output: C:\projects\firstEvaluation\output\20190723_115352\firstEvaluation.20190723_115353.001.xlsx
Logs  : C:\projects\firstEvaluation\output\20190723_115352\logs\nexial-20190723_115352.log</system-out>
    </testcase>
    <testcase id="Activity 2" name="Activity 2" classname="CSVScenario" timestamp="2019-07-23T11:54:18" time="6.985">
      <system-out>Total : 2
Passed: 2
Failed: 0
Output: C:\projects\firstEvaluation\output\20190723_115352\firstEvaluation.20190723_115353.001.xlsx
Logs  : C:\projects\firstEvaluation\output\20190723_115352\logs\nexial-20190723_115352.log</system-out>
    </testcase>
    <testcase id="Activity 3" name="Activity 3" classname="CSVScenario" timestamp="2019-07-23T11:54:20" time="5.750">
      <system-out>Total : 3
Passed: 3
Failed: 0
Output: C:\projects\firstEvaluation\output\20190723_115352\firstEvaluation.20190723_115353.001.xlsx
Logs  : C:\projects\firstEvaluation\output\20190723_115352\logs\nexial-20190723_115352.log</system-out>
    </testcase>
    <testcase id="Activity 4" name="Activity 4" classname="CSVScenario" timestamp="2019-07-23T11:54:22" time="3.813">
      <system-out>Total : 3
Passed: 3
Failed: 0
Output: C:\projects\firstEvaluation\output\20190723_115352\firstEvaluation.20190723_115353.001.xlsx
Logs  : C:\projects\firstEvaluation\output\20190723_115352\logs\nexial-20190723_115352.log</system-out>
    </testcase>
    <testcase id="Activity 5" name="Activity 5" classname="CSVScenario" timestamp="2019-07-23T11:54:24" time="1.849">
      <system-out>Total : 1
Passed: 1
Failed: 0
Output: C:\projects\firstEvaluation\output\20190723_115352\firstEvaluation.20190723_115353.001.xlsx
Logs  : C:\projects\firstEvaluation\output\20190723_115352\logs\nexial-20190723_115352.log</system-out>
    </testcase>
    <testcase id="Activity 6" name="Activity 6" classname="CSVScenario" timestamp="2019-07-23T11:54:24" time="1.055">
      <system-out>Total : 1
Passed: 1
Failed: 0
Output: C:\projects\firstEvaluation\output\20190723_115352\firstEvaluation.20190723_115353.001.xlsx
Logs  : C:\projects\firstEvaluation\output\20190723_115352\logs\nexial-20190723_115352.log</system-out>
    </testcase>
  </testsuite>
</testsuites>
