<?xml version="1.0" encoding="UTF-8"?>
<testsuites name="20190723_145100" timestamp="2019-07-23T14:51:00" time="27.082" tests="29" errors="0">
  <testsuite id="1" name="firstEvaluation" package="firstEvaluation" hostname="ATMECSINDT-043" timestamp="2019-07-23T14:51:01" time="21.413" tests="29" errors="0">
    <properties>
      <property name="Run From" value="ATMECSINDT-043" />
      <property name="Run OS" value="amd64 Windows 10 10.0" />
      <property name="Run User" value="deepankar.pathal" />
      <property name="Iteration" value="1 of 1" />
      <property name="Script" value="firstEvaluation.xlsx" />
      <property name="Logs" value="C:\projects\firstEvaluation\output\20190723_145100\logs\nexial-20190723_145100.log" />
      <property name="Data File" value="firstEvaluation.data.xlsx" />
      <property name="DataSheet(s)" value="#default" />
      <property name="JAVA_OPT" value="-Dorg.apache.poi.util.POILogger=org.apache.poi.util.NullLogger" />
      <property name="runtime args" value="-script C:\projects\firstEvaluation\artifact\script\firstEvaluation.xlsx" />
    </properties>
    <testcase id="Activity 1" name="Activity 1" classname="JsonScenario" timestamp="2019-07-23T14:51:03" time="19.566">
      <system-out>Total : 2
Passed: 2
Failed: 0
Output: C:\projects\firstEvaluation\output\20190723_145100\firstEvaluation.20190723_145101.001.xlsx
Logs  : C:\projects\firstEvaluation\output\20190723_145100\logs\nexial-20190723_145100.log</system-out>
    </testcase>
    <testcase id="Activity 2" name="Activity 2" classname="JsonScenario" timestamp="2019-07-23T14:51:05" time="18.041">
      <system-out>Total : 11
Passed: 11
Failed: 0
Output: C:\projects\firstEvaluation\output\20190723_145100\firstEvaluation.20190723_145101.001.xlsx
Logs  : C:\projects\firstEvaluation\output\20190723_145100\logs\nexial-20190723_145100.log</system-out>
    </testcase>
    <testcase id="Activity 4" name="Activity 4" classname="JsonScenario" timestamp="2019-07-23T14:51:11" time="11.222">
      <system-out>Total : 2
Passed: 2
Failed: 0
Output: C:\projects\firstEvaluation\output\20190723_145100\firstEvaluation.20190723_145101.001.xlsx
Logs  : C:\projects\firstEvaluation\output\20190723_145100\logs\nexial-20190723_145100.log</system-out>
    </testcase>
    <testcase id="Activity 5" name="Activity 5" classname="JsonScenario" timestamp="2019-07-23T14:51:13" time="9.984">
      <system-out>Total : 6
Passed: 6
Failed: 0
Output: C:\projects\firstEvaluation\output\20190723_145100\firstEvaluation.20190723_145101.001.xlsx
Logs  : C:\projects\firstEvaluation\output\20190723_145100\logs\nexial-20190723_145100.log</system-out>
    </testcase>
    <testcase id="Activity 3" name="Activity 3" classname="JsonScenario" timestamp="2019-07-23T14:51:16" time="6.209">
      <system-out>Total : 8
Passed: 8
Failed: 0
Output: C:\projects\firstEvaluation\output\20190723_145100\firstEvaluation.20190723_145101.001.xlsx
Logs  : C:\projects\firstEvaluation\output\20190723_145100\logs\nexial-20190723_145100.log</system-out>
    </testcase>
  </testsuite>
</testsuites>
