<?xml version="1.0" encoding="UTF-8"?>
<testsuites name="20190723_150238" timestamp="2019-07-23T15:02:38" time="27.021" tests="29" errors="0">
  <testsuite id="1" name="firstEvaluation" package="firstEvaluation" hostname="ATMECSINDT-043" timestamp="2019-07-23T15:02:39" time="21.493" tests="29" errors="0">
    <properties>
      <property name="Run From" value="ATMECSINDT-043" />
      <property name="Run OS" value="amd64 Windows 10 10.0" />
      <property name="Run User" value="deepankar.pathal" />
      <property name="Iteration" value="1 of 1" />
      <property name="Script" value="firstEvaluation.xlsx" />
      <property name="Logs" value="C:\projects\firstEvaluation\output\20190723_150238\logs\nexial-20190723_150238.log" />
      <property name="Data File" value="firstEvaluation.data.xlsx" />
      <property name="DataSheet(s)" value="#default" />
      <property name="JAVA_OPT" value="-Dorg.apache.poi.util.POILogger=org.apache.poi.util.NullLogger" />
      <property name="runtime args" value="-script C:\projects\firstEvaluation\artifact\script\firstEvaluation.xlsx" />
    </properties>
    <testcase id="Activity 1" name="Activity 1" classname="JsonScenario" timestamp="2019-07-23T15:02:41" time="19.539">
      <system-out>Total : 2
Passed: 2
Failed: 0
Output: C:\projects\firstEvaluation\output\20190723_150238\firstEvaluation.20190723_150239.001.xlsx
Logs  : C:\projects\firstEvaluation\output\20190723_150238\logs\nexial-20190723_150238.log</system-out>
    </testcase>
    <testcase id="Activity 2" name="Activity 2" classname="JsonScenario" timestamp="2019-07-23T15:02:42" time="18.070">
      <system-out>Total : 11
Passed: 11
Failed: 0
Output: C:\projects\firstEvaluation\output\20190723_150238\firstEvaluation.20190723_150239.001.xlsx
Logs  : C:\projects\firstEvaluation\output\20190723_150238\logs\nexial-20190723_150238.log</system-out>
    </testcase>
    <testcase id="Activity 4" name="Activity 4" classname="JsonScenario" timestamp="2019-07-23T15:02:49" time="11.252">
      <system-out>Total : 2
Passed: 2
Failed: 0
Output: C:\projects\firstEvaluation\output\20190723_150238\firstEvaluation.20190723_150239.001.xlsx
Logs  : C:\projects\firstEvaluation\output\20190723_150238\logs\nexial-20190723_150238.log</system-out>
    </testcase>
    <testcase id="Activity 5" name="Activity 5" classname="JsonScenario" timestamp="2019-07-23T15:02:50" time="10.020">
      <system-out>Total : 6
Passed: 6
Failed: 0
Output: C:\projects\firstEvaluation\output\20190723_150238\firstEvaluation.20190723_150239.001.xlsx
Logs  : C:\projects\firstEvaluation\output\20190723_150238\logs\nexial-20190723_150238.log</system-out>
    </testcase>
    <testcase id="Activity 3" name="Activity 3" classname="JsonScenario" timestamp="2019-07-23T15:02:54" time="6.200">
      <system-out>Total : 8
Passed: 8
Failed: 0
Output: C:\projects\firstEvaluation\output\20190723_150238\firstEvaluation.20190723_150239.001.xlsx
Logs  : C:\projects\firstEvaluation\output\20190723_150238\logs\nexial-20190723_150238.log</system-out>
    </testcase>
  </testsuite>
</testsuites>
