<?xml version="1.0" encoding="UTF-8"?>
<testsuites name="20190729_152310" timestamp="2019-07-29T15:23:10" time="19.080" tests="7" errors="2">
  <testsuite id="1" name="secondAssignment" package="secondAssignment" hostname="ATMECSINDT-043" timestamp="2019-07-29T15:23:11" time="16.419" tests="7" errors="2">
    <properties>
      <property name="Run From" value="ATMECSINDT-043" />
      <property name="Run OS" value="amd64 Windows 10 10.0" />
      <property name="Run User" value="deepankar.pathal" />
      <property name="Iteration" value="1 of 1" />
      <property name="Script" value="secondAssignment.xlsx" />
      <property name="Logs" value="C:\projects\secondAssignment\output\20190729_152310\logs\nexial-20190729_152310.log" />
      <property name="Data File" value="secondAssignment.data.xlsx" />
      <property name="DataSheet(s)" value="#default" />
      <property name="JAVA_OPT" value="-Dorg.apache.poi.util.POILogger=org.apache.poi.util.NullLogger" />
      <property name="runtime args" value="-script C:\projects\secondAssignment\artifact\script\secondAssignment.xlsx" />
    </properties>
    <testcase id="Activity 1" name="Activity 1" classname="Scenario" timestamp="2019-07-29T15:23:13" time="14.533">
      <failure type="failure found in test activity" message="2 of 7 FAILED. Check C:\projects\secondAssignment\output\20190729_152310\secondAssignment.20190729_152311.001.xlsx for execution result, C:\projects\secondAssignment\output\20190729_152310\logs\nexial-20190729_152310.log for execution logs" />
      <system-out>Total : 7
Passed: 5
Failed: 2
Output: C:\projects\secondAssignment\output\20190729_152310\secondAssignment.20190729_152311.001.xlsx
Logs  : C:\projects\secondAssignment\output\20190729_152310\logs\nexial-20190729_152310.log</system-out>
    </testcase>
  </testsuite>
</testsuites>
