<?xml version="1.0" encoding="UTF-8"?>
<testsuites name="20190720_133128" timestamp="2019-07-20T13:31:28" time="6.009" tests="0" errors="0">
  <testsuite id="1" name="firstEvaluation" package="firstEvaluation" hostname="DESKTOP-UOIH0F7" timestamp="2019-07-20T13:31:30" time="1.912" tests="0" errors="0">
    <properties>
      <property name="Run From" value="DESKTOP-UOIH0F7" />
      <property name="Run OS" value="x86 Windows 10 10.0" />
      <property name="Run User" value="Deepankar Pathak" />
      <property name="Iteration" value="1 of 1" />
      <property name="Script" value="firstEvaluation.xlsx" />
    </properties>
  </testsuite>
</testsuites>
