<?xml version="1.0" encoding="UTF-8"?>
<testsuites name="20190723_113210" timestamp="2019-07-23T11:32:10" time="28.079" tests="31" errors="0">
  <testsuite id="1" name="firstEvaluation" package="firstEvaluation" hostname="ATMECSINDT-043" timestamp="2019-07-23T11:32:12" time="22.698" tests="31" errors="0">
    <properties>
      <property name="Run From" value="ATMECSINDT-043" />
      <property name="Run OS" value="amd64 Windows 10 10.0" />
      <property name="Run User" value="deepankar.pathal" />
      <property name="Iteration" value="1 of 1" />
      <property name="Script" value="firstEvaluation.xlsx" />
      <property name="Logs" value="C:\projects\firstEvaluation\output\20190723_113210\logs\nexial-20190723_113210.log" />
      <property name="Data File" value="firstEvaluation.data.xlsx" />
      <property name="DataSheet(s)" value="#default" />
      <property name="JAVA_OPT" value="-Dorg.apache.poi.util.POILogger=org.apache.poi.util.NullLogger" />
      <property name="runtime args" value="-script C:\projects\firstEvaluation\artifact\script\firstEvaluation.xlsx" />
    </properties>
    <testcase id="Activity 1" name="Activity 1" classname="JsonScenario" timestamp="2019-07-23T11:32:13" time="20.894">
      <system-out>Total : 2
Passed: 2
Failed: 0
Output: C:\projects\firstEvaluation\output\20190723_113210\firstEvaluation.20190723_113212.001.xlsx
Logs  : C:\projects\firstEvaluation\output\20190723_113210\logs\nexial-20190723_113210.log</system-out>
    </testcase>
    <testcase id="Activity 2" name="Activity 2" classname="JsonScenario" timestamp="2019-07-23T11:32:15" time="19.373">
      <system-out>Total : 11
Passed: 11
Failed: 0
Output: C:\projects\firstEvaluation\output\20190723_113210\firstEvaluation.20190723_113212.001.xlsx
Logs  : C:\projects\firstEvaluation\output\20190723_113210\logs\nexial-20190723_113210.log</system-out>
    </testcase>
    <testcase id="Activity 4" name="Activity 4" classname="JsonScenario" timestamp="2019-07-23T11:32:22" time="12.437">
      <system-out>Total : 2
Passed: 2
Failed: 0
Output: C:\projects\firstEvaluation\output\20190723_113210\firstEvaluation.20190723_113212.001.xlsx
Logs  : C:\projects\firstEvaluation\output\20190723_113210\logs\nexial-20190723_113210.log</system-out>
    </testcase>
    <testcase id="Activity 5" name="Activity 5" classname="JsonScenario" timestamp="2019-07-23T11:32:23" time="11.184">
      <system-out>Total : 7
Passed: 7
Failed: 0
Output: C:\projects\firstEvaluation\output\20190723_113210\firstEvaluation.20190723_113212.001.xlsx
Logs  : C:\projects\firstEvaluation\output\20190723_113210\logs\nexial-20190723_113210.log</system-out>
    </testcase>
    <testcase id="Activity 1" name="Activity 1" classname="XMLScenario" timestamp="2019-07-23T11:32:28" time="6.055">
      <system-out>Total : 3
Passed: 3
Failed: 0
Output: C:\projects\firstEvaluation\output\20190723_113210\firstEvaluation.20190723_113212.001.xlsx
Logs  : C:\projects\firstEvaluation\output\20190723_113210\logs\nexial-20190723_113210.log</system-out>
    </testcase>
    <testcase id="Activity 2" name="Activity 2" classname="XMLScenario" timestamp="2019-07-23T11:32:30" time="4.072">
      <system-out>Total : 2
Passed: 2
Failed: 0
Output: C:\projects\firstEvaluation\output\20190723_113210\firstEvaluation.20190723_113212.001.xlsx
Logs  : C:\projects\firstEvaluation\output\20190723_113210\logs\nexial-20190723_113210.log</system-out>
    </testcase>
    <testcase id="Activity 4" name="Activity 4" classname="XMLScenario" timestamp="2019-07-23T11:32:31" time="2.824">
      <system-out>Total : 2
Passed: 2
Failed: 0
Output: C:\projects\firstEvaluation\output\20190723_113210\firstEvaluation.20190723_113212.001.xlsx
Logs  : C:\projects\firstEvaluation\output\20190723_113210\logs\nexial-20190723_113210.log</system-out>
    </testcase>
    <testcase id="Activity 5" name="Activity 5" classname="XMLScenario" timestamp="2019-07-23T11:32:33" time="1.539">
      <system-out>Total : 2
Passed: 2
Failed: 0
Output: C:\projects\firstEvaluation\output\20190723_113210\firstEvaluation.20190723_113212.001.xlsx
Logs  : C:\projects\firstEvaluation\output\20190723_113210\logs\nexial-20190723_113210.log</system-out>
    </testcase>
  </testsuite>
</testsuites>
