<?xml version="1.0" encoding="UTF-8"?>
<testsuites name="20190722_184445" timestamp="2019-07-22T18:44:45" time="23.069" tests="29" errors="2">
  <testsuite id="1" name="firstEvaluation" package="firstEvaluation" hostname="DESKTOP-UOIH0F7" timestamp="2019-07-22T18:44:46" time="19.541" tests="29" errors="2">
    <properties>
      <property name="Run From" value="DESKTOP-UOIH0F7" />
      <property name="Run OS" value="x86 Windows 10 10.0" />
      <property name="Run User" value="Deepankar Pathak" />
      <property name="Iteration" value="1 of 1" />
      <property name="Script" value="firstEvaluation.xlsx" />
      <property name="Logs" value="C:\projects\firstEvaluation\output\20190722_184445\logs\nexial-20190722_184445.log" />
      <property name="Data File" value="firstEvaluation.data.xlsx" />
      <property name="DataSheet(s)" value="#default" />
      <property name="JAVA_OPT" value="-Dorg.apache.poi.util.POILogger=org.apache.poi.util.NullLogger" />
      <property name="runtime args" value="-script C:\projects\firstEvaluation\artifact\script\firstEvaluation.xlsx" />
    </properties>
    <testcase id="Activity 1" name="Activity 1" classname="JsonScenario" timestamp="2019-07-22T18:44:47" time="18.446">
      <system-out>Total : 2
Passed: 2
Failed: 0
Output: C:\projects\firstEvaluation\output\20190722_184445\firstEvaluation.20190722_184446.001.xlsx
Logs  : C:\projects\firstEvaluation\output\20190722_184445\logs\nexial-20190722_184445.log</system-out>
    </testcase>
    <testcase id="Activity 2" name="Activity 2" classname="JsonScenario" timestamp="2019-07-22T18:44:48" time="17.032">
      <system-out>Total : 11
Passed: 11
Failed: 0
Output: C:\projects\firstEvaluation\output\20190722_184445\firstEvaluation.20190722_184446.001.xlsx
Logs  : C:\projects\firstEvaluation\output\20190722_184445\logs\nexial-20190722_184445.log</system-out>
    </testcase>
    <testcase id="Activity 3" name="Activity 3" classname="JsonScenario" timestamp="2019-07-22T18:44:55" time="10.356">
      <failure type="failure found in test activity" message="1 of 4 FAILED. Check C:\projects\firstEvaluation\output\20190722_184445\firstEvaluation.20190722_184446.001.xlsx for execution result, C:\projects\firstEvaluation\output\20190722_184445\logs\nexial-20190722_184445.log for execution logs" />
      <system-out>Total : 4
Passed: 3
Failed: 1
Output: C:\projects\firstEvaluation\output\20190722_184445\firstEvaluation.20190722_184446.001.xlsx
Logs  : C:\projects\firstEvaluation\output\20190722_184445\logs\nexial-20190722_184445.log</system-out>
    </testcase>
    <testcase id="Activity 4" name="Activity 4" classname="JsonScenario" timestamp="2019-07-22T18:44:57" time="7.851">
      <system-out>Total : 2
Passed: 2
Failed: 0
Output: C:\projects\firstEvaluation\output\20190722_184445\firstEvaluation.20190722_184446.001.xlsx
Logs  : C:\projects\firstEvaluation\output\20190722_184445\logs\nexial-20190722_184445.log</system-out>
    </testcase>
    <testcase id="Activity 5" name="Activity 5" classname="JsonScenario" timestamp="2019-07-22T18:44:59" time="6.640">
      <system-out>Total : 7
Passed: 7
Failed: 0
Output: C:\projects\firstEvaluation\output\20190722_184445\firstEvaluation.20190722_184446.001.xlsx
Logs  : C:\projects\firstEvaluation\output\20190722_184445\logs\nexial-20190722_184445.log</system-out>
    </testcase>
    <testcase id="Activity 1" name="Activity 1" classname="XMLScenario" timestamp="2019-07-22T18:45:03" time="2.047">
      <failure type="failure found in test activity" message="1 of 3 FAILED. Check C:\projects\firstEvaluation\output\20190722_184445\firstEvaluation.20190722_184446.001.xlsx for execution result, C:\projects\firstEvaluation\output\20190722_184445\logs\nexial-20190722_184445.log for execution logs" />
      <system-out>Total : 3
Passed: 2
Failed: 1
Output: C:\projects\firstEvaluation\output\20190722_184445\firstEvaluation.20190722_184446.001.xlsx
Logs  : C:\projects\firstEvaluation\output\20190722_184445\logs\nexial-20190722_184445.log</system-out>
    </testcase>
  </testsuite>
</testsuites>
