<?xml version="1.0" encoding="UTF-8"?>
<testsuites name="20190723_141634" timestamp="2019-07-23T14:16:34" time="39.036" tests="45" errors="0">
  <testsuite id="1" name="firstEvaluation" package="firstEvaluation" hostname="ATMECSINDT-043" timestamp="2019-07-23T14:16:35" time="32.492" tests="45" errors="0">
    <properties>
      <property name="Run From" value="ATMECSINDT-043" />
      <property name="Run OS" value="amd64 Windows 10 10.0" />
      <property name="Run User" value="deepankar.pathal" />
      <property name="Iteration" value="1 of 1" />
      <property name="Script" value="firstEvaluation.xlsx" />
      <property name="Logs" value="C:\projects\firstEvaluation\output\20190723_141634\logs\nexial-20190723_141634.log" />
      <property name="Data File" value="firstEvaluation.data.xlsx" />
      <property name="DataSheet(s)" value="#default" />
      <property name="JAVA_OPT" value="-Dorg.apache.poi.util.POILogger=org.apache.poi.util.NullLogger" />
      <property name="runtime args" value="-script C:\projects\firstEvaluation\artifact\script\firstEvaluation.xlsx" />
    </properties>
    <testcase id="Activity 1" name="Activity 1" classname="JsonScenario" timestamp="2019-07-23T14:16:37" time="30.534">
      <system-out>Total : 2
Passed: 2
Failed: 0
Output: C:\projects\firstEvaluation\output\20190723_141634\firstEvaluation.20190723_141635.001.xlsx
Logs  : C:\projects\firstEvaluation\output\20190723_141634\logs\nexial-20190723_141634.log</system-out>
    </testcase>
    <testcase id="Activity 2" name="Activity 2" classname="JsonScenario" timestamp="2019-07-23T14:16:39" time="29.020">
      <system-out>Total : 11
Passed: 11
Failed: 0
Output: C:\projects\firstEvaluation\output\20190723_141634\firstEvaluation.20190723_141635.001.xlsx
Logs  : C:\projects\firstEvaluation\output\20190723_141634\logs\nexial-20190723_141634.log</system-out>
    </testcase>
    <testcase id="Activity 4" name="Activity 4" classname="JsonScenario" timestamp="2019-07-23T14:16:46" time="22.072">
      <system-out>Total : 2
Passed: 2
Failed: 0
Output: C:\projects\firstEvaluation\output\20190723_141634\firstEvaluation.20190723_141635.001.xlsx
Logs  : C:\projects\firstEvaluation\output\20190723_141634\logs\nexial-20190723_141634.log</system-out>
    </testcase>
    <testcase id="Activity 5" name="Activity 5" classname="JsonScenario" timestamp="2019-07-23T14:16:47" time="20.821">
      <system-out>Total : 6
Passed: 6
Failed: 0
Output: C:\projects\firstEvaluation\output\20190723_141634\firstEvaluation.20190723_141635.001.xlsx
Logs  : C:\projects\firstEvaluation\output\20190723_141634\logs\nexial-20190723_141634.log</system-out>
    </testcase>
    <testcase id="Activity 1" name="Activity 1" classname="XMLScenario" timestamp="2019-07-23T14:16:51" time="16.185">
      <system-out>Total : 3
Passed: 3
Failed: 0
Output: C:\projects\firstEvaluation\output\20190723_141634\firstEvaluation.20190723_141635.001.xlsx
Logs  : C:\projects\firstEvaluation\output\20190723_141634\logs\nexial-20190723_141634.log</system-out>
    </testcase>
    <testcase id="Activity 2" name="Activity 2" classname="XMLScenario" timestamp="2019-07-23T14:16:53" time="14.219">
      <system-out>Total : 2
Passed: 2
Failed: 0
Output: C:\projects\firstEvaluation\output\20190723_141634\firstEvaluation.20190723_141635.001.xlsx
Logs  : C:\projects\firstEvaluation\output\20190723_141634\logs\nexial-20190723_141634.log</system-out>
    </testcase>
    <testcase id="Activity 4" name="Activity 4" classname="XMLScenario" timestamp="2019-07-23T14:16:55" time="12.974">
      <system-out>Total : 2
Passed: 2
Failed: 0
Output: C:\projects\firstEvaluation\output\20190723_141634\firstEvaluation.20190723_141635.001.xlsx
Logs  : C:\projects\firstEvaluation\output\20190723_141634\logs\nexial-20190723_141634.log</system-out>
    </testcase>
    <testcase id="Activity 5" name="Activity 5" classname="XMLScenario" timestamp="2019-07-23T14:16:56" time="11.702">
      <system-out>Total : 2
Passed: 2
Failed: 0
Output: C:\projects\firstEvaluation\output\20190723_141634\firstEvaluation.20190723_141635.001.xlsx
Logs  : C:\projects\firstEvaluation\output\20190723_141634\logs\nexial-20190723_141634.log</system-out>
    </testcase>
    <testcase id="Activity 1" name="Activity 1" classname="CSVScenario" timestamp="2019-07-23T14:16:57" time="10.173">
      <system-out>Total : 5
Passed: 5
Failed: 0
Output: C:\projects\firstEvaluation\output\20190723_141634\firstEvaluation.20190723_141635.001.xlsx
Logs  : C:\projects\firstEvaluation\output\20190723_141634\logs\nexial-20190723_141634.log</system-out>
    </testcase>
    <testcase id="Activity 2" name="Activity 2" classname="CSVScenario" timestamp="2019-07-23T14:17:01" time="6.976">
      <system-out>Total : 2
Passed: 2
Failed: 0
Output: C:\projects\firstEvaluation\output\20190723_141634\firstEvaluation.20190723_141635.001.xlsx
Logs  : C:\projects\firstEvaluation\output\20190723_141634\logs\nexial-20190723_141634.log</system-out>
    </testcase>
    <testcase id="Activity 3" name="Activity 3" classname="CSVScenario" timestamp="2019-07-23T14:17:02" time="5.715">
      <system-out>Total : 3
Passed: 3
Failed: 0
Output: C:\projects\firstEvaluation\output\20190723_141634\firstEvaluation.20190723_141635.001.xlsx
Logs  : C:\projects\firstEvaluation\output\20190723_141634\logs\nexial-20190723_141634.log</system-out>
    </testcase>
    <testcase id="Activity 4" name="Activity 4" classname="CSVScenario" timestamp="2019-07-23T14:17:04" time="3.756">
      <system-out>Total : 3
Passed: 3
Failed: 0
Output: C:\projects\firstEvaluation\output\20190723_141634\firstEvaluation.20190723_141635.001.xlsx
Logs  : C:\projects\firstEvaluation\output\20190723_141634\logs\nexial-20190723_141634.log</system-out>
    </testcase>
    <testcase id="Activity 5" name="Activity 5" classname="CSVScenario" timestamp="2019-07-23T14:17:06" time="1.888">
      <system-out>Total : 1
Passed: 1
Failed: 0
Output: C:\projects\firstEvaluation\output\20190723_141634\firstEvaluation.20190723_141635.001.xlsx
Logs  : C:\projects\firstEvaluation\output\20190723_141634\logs\nexial-20190723_141634.log</system-out>
    </testcase>
    <testcase id="Activity 6" name="Activity 6" classname="CSVScenario" timestamp="2019-07-23T14:17:07" time="1.104">
      <system-out>Total : 1
Passed: 1
Failed: 0
Output: C:\projects\firstEvaluation\output\20190723_141634\firstEvaluation.20190723_141635.001.xlsx
Logs  : C:\projects\firstEvaluation\output\20190723_141634\logs\nexial-20190723_141634.log</system-out>
    </testcase>
  </testsuite>
</testsuites>
