<?xml version="1.0" encoding="UTF-8"?>
<testsuites name="20190722_130756" timestamp="2019-07-22T13:07:56" time="20.016" tests="25" errors="4">
  <testsuite id="1" name="firstEvaluation" package="firstEvaluation" hostname="DESKTOP-UOIH0F7" timestamp="2019-07-22T13:07:57" time="16.942" tests="25" errors="4">
    <properties>
      <property name="Run From" value="DESKTOP-UOIH0F7" />
      <property name="Run OS" value="x86 Windows 10 10.0" />
      <property name="Run User" value="Deepankar Pathak" />
      <property name="Iteration" value="1 of 1" />
      <property name="Script" value="firstEvaluation.xlsx" />
      <property name="Logs" value="C:\projects\firstEvaluation\output\20190722_130756\logs\nexial-20190722_130756.log" />
      <property name="Data File" value="firstEvaluation.data.xlsx" />
      <property name="DataSheet(s)" value="#default" />
      <property name="JAVA_OPT" value="-Dorg.apache.poi.util.POILogger=org.apache.poi.util.NullLogger" />
      <property name="runtime args" value="-script C:\projects\firstEvaluation\artifact\script\firstEvaluation.xlsx" />
    </properties>
    <testcase id="Activity 1" name="Activity 1" classname="JsonScenario" timestamp="2019-07-22T13:07:58" time="15.848">
      <system-out>Total : 2
Passed: 2
Failed: 0
Output: C:\projects\firstEvaluation\output\20190722_130756\firstEvaluation.20190722_130757.001.xlsx
Logs  : C:\projects\firstEvaluation\output\20190722_130756\logs\nexial-20190722_130756.log</system-out>
    </testcase>
    <testcase id="Activity 2" name="Activity 2" classname="JsonScenario" timestamp="2019-07-22T13:07:59" time="14.433">
      <system-out>Total : 11
Passed: 11
Failed: 0
Output: C:\projects\firstEvaluation\output\20190722_130756\firstEvaluation.20190722_130757.001.xlsx
Logs  : C:\projects\firstEvaluation\output\20190722_130756\logs\nexial-20190722_130756.log</system-out>
    </testcase>
    <testcase id="Activity 3" name="Activity 3" classname="JsonScenario" timestamp="2019-07-22T13:08:06" time="7.734">
      <failure type="failure found in test activity" message="1 of 4 FAILED. Check C:\projects\firstEvaluation\output\20190722_130756\firstEvaluation.20190722_130757.001.xlsx for execution result, C:\projects\firstEvaluation\output\20190722_130756\logs\nexial-20190722_130756.log for execution logs" />
      <system-out>Total : 4
Passed: 3
Failed: 1
Output: C:\projects\firstEvaluation\output\20190722_130756\firstEvaluation.20190722_130757.001.xlsx
Logs  : C:\projects\firstEvaluation\output\20190722_130756\logs\nexial-20190722_130756.log</system-out>
    </testcase>
    <testcase id="Activity 4" name="Activity 4" classname="JsonScenario" timestamp="2019-07-22T13:08:08" time="5.315">
      <system-out>Total : 2
Passed: 2
Failed: 0
Output: C:\projects\firstEvaluation\output\20190722_130756\firstEvaluation.20190722_130757.001.xlsx
Logs  : C:\projects\firstEvaluation\output\20190722_130756\logs\nexial-20190722_130756.log</system-out>
    </testcase>
    <testcase id="Activity 5" name="Activity 5" classname="JsonScenario" timestamp="2019-07-22T13:08:10" time="4.108">
      <failure type="failure found in test activity" message="2 of 5 FAILED. Check C:\projects\firstEvaluation\output\20190722_130756\firstEvaluation.20190722_130757.001.xlsx for execution result, C:\projects\firstEvaluation\output\20190722_130756\logs\nexial-20190722_130756.log for execution logs" />
      <system-out>Total : 5
Passed: 3
Failed: 2
Output: C:\projects\firstEvaluation\output\20190722_130756\firstEvaluation.20190722_130757.001.xlsx
Logs  : C:\projects\firstEvaluation\output\20190722_130756\logs\nexial-20190722_130756.log</system-out>
    </testcase>
    <testcase id="Activity 1" name="Activity 1" classname="XMLScenario" timestamp="2019-07-22T13:08:13" time="0.720">
      <failure type="failure found in test activity" message="1 of 1 FAILED. Check C:\projects\firstEvaluation\output\20190722_130756\firstEvaluation.20190722_130757.001.xlsx for execution result, C:\projects\firstEvaluation\output\20190722_130756\logs\nexial-20190722_130756.log for execution logs" />
      <system-out>Total : 1
Passed: 0
Failed: 1
Output: C:\projects\firstEvaluation\output\20190722_130756\firstEvaluation.20190722_130757.001.xlsx
Logs  : C:\projects\firstEvaluation\output\20190722_130756\logs\nexial-20190722_130756.log</system-out>
    </testcase>
  </testsuite>
</testsuites>
