<?xml version="1.0" encoding="UTF-8"?>
<testsuites name="20190722_132435" timestamp="2019-07-22T13:24:35" time="20.014" tests="25" errors="2">
  <testsuite id="1" name="firstEvaluation" package="firstEvaluation" hostname="DESKTOP-UOIH0F7" timestamp="2019-07-22T13:24:36" time="16.904" tests="25" errors="2">
    <properties>
      <property name="Run From" value="DESKTOP-UOIH0F7" />
      <property name="Run OS" value="x86 Windows 10 10.0" />
      <property name="Run User" value="Deepankar Pathak" />
      <property name="Iteration" value="1 of 1" />
      <property name="Script" value="firstEvaluation.xlsx" />
      <property name="Logs" value="C:\projects\firstEvaluation\output\20190722_132435\logs\nexial-20190722_132435.log" />
      <property name="Data File" value="firstEvaluation.data.xlsx" />
      <property name="DataSheet(s)" value="#default" />
      <property name="JAVA_OPT" value="-Dorg.apache.poi.util.POILogger=org.apache.poi.util.NullLogger" />
      <property name="runtime args" value="-script C:\projects\firstEvaluation\artifact\script\firstEvaluation.xlsx" />
    </properties>
    <testcase id="Activity 1" name="Activity 1" classname="JsonScenario" timestamp="2019-07-22T13:24:37" time="15.814">
      <system-out>Total : 2
Passed: 2
Failed: 0
Output: C:\projects\firstEvaluation\output\20190722_132435\firstEvaluation.20190722_132436.001.xlsx
Logs  : C:\projects\firstEvaluation\output\20190722_132435\logs\nexial-20190722_132435.log</system-out>
    </testcase>
    <testcase id="Activity 2" name="Activity 2" classname="JsonScenario" timestamp="2019-07-22T13:24:39" time="14.397">
      <system-out>Total : 11
Passed: 11
Failed: 0
Output: C:\projects\firstEvaluation\output\20190722_132435\firstEvaluation.20190722_132436.001.xlsx
Logs  : C:\projects\firstEvaluation\output\20190722_132435\logs\nexial-20190722_132435.log</system-out>
    </testcase>
    <testcase id="Activity 3" name="Activity 3" classname="JsonScenario" timestamp="2019-07-22T13:24:45" time="7.713">
      <failure type="failure found in test activity" message="1 of 4 FAILED. Check C:\projects\firstEvaluation\output\20190722_132435\firstEvaluation.20190722_132436.001.xlsx for execution result, C:\projects\firstEvaluation\output\20190722_132435\logs\nexial-20190722_132435.log for execution logs" />
      <system-out>Total : 4
Passed: 3
Failed: 1
Output: C:\projects\firstEvaluation\output\20190722_132435\firstEvaluation.20190722_132436.001.xlsx
Logs  : C:\projects\firstEvaluation\output\20190722_132435\logs\nexial-20190722_132435.log</system-out>
    </testcase>
    <testcase id="Activity 4" name="Activity 4" classname="JsonScenario" timestamp="2019-07-22T13:24:48" time="5.294">
      <system-out>Total : 2
Passed: 2
Failed: 0
Output: C:\projects\firstEvaluation\output\20190722_132435\firstEvaluation.20190722_132436.001.xlsx
Logs  : C:\projects\firstEvaluation\output\20190722_132435\logs\nexial-20190722_132435.log</system-out>
    </testcase>
    <testcase id="Activity 5" name="Activity 5" classname="JsonScenario" timestamp="2019-07-22T13:24:49" time="4.085">
      <system-out>Total : 5
Passed: 5
Failed: 0
Output: C:\projects\firstEvaluation\output\20190722_132435\firstEvaluation.20190722_132436.001.xlsx
Logs  : C:\projects\firstEvaluation\output\20190722_132435\logs\nexial-20190722_132435.log</system-out>
    </testcase>
    <testcase id="Activity 1" name="Activity 1" classname="XMLScenario" timestamp="2019-07-22T13:24:52" time="0.719">
      <failure type="failure found in test activity" message="1 of 1 FAILED. Check C:\projects\firstEvaluation\output\20190722_132435\firstEvaluation.20190722_132436.001.xlsx for execution result, C:\projects\firstEvaluation\output\20190722_132435\logs\nexial-20190722_132435.log for execution logs" />
      <system-out>Total : 1
Passed: 0
Failed: 1
Output: C:\projects\firstEvaluation\output\20190722_132435\firstEvaluation.20190722_132436.001.xlsx
Logs  : C:\projects\firstEvaluation\output\20190722_132435\logs\nexial-20190722_132435.log</system-out>
    </testcase>
  </testsuite>
</testsuites>
