<?xml version="1.0" encoding="UTF-8"?>
<testsuites name="20190720_173307" timestamp="2019-07-20T17:33:07" time="17.011" tests="19" errors="2">
  <testsuite id="1" name="firstEvaluation" package="firstEvaluation" hostname="DESKTOP-UOIH0F7" timestamp="2019-07-20T17:33:09" time="13.231" tests="19" errors="2">
    <properties>
      <property name="Run From" value="DESKTOP-UOIH0F7" />
      <property name="Run OS" value="x86 Windows 10 10.0" />
      <property name="Run User" value="Deepankar Pathak" />
      <property name="Iteration" value="1 of 1" />
      <property name="Script" value="firstEvaluation.xlsx" />
      <property name="Logs" value="C:\projects\firstEvaluation\output\20190720_173307\logs\nexial-20190720_173307.log" />
      <property name="Data File" value="firstEvaluation.data.xlsx" />
      <property name="DataSheet(s)" value="#default" />
      <property name="JAVA_OPT" value="-Dorg.apache.poi.util.POILogger=org.apache.poi.util.NullLogger" />
      <property name="runtime args" value="-script C:\projects\firstEvaluation\artifact\script\firstEvaluation.xlsx" />
    </properties>
    <testcase id="Activity 1" name="Activity 1" classname="JsonScenario" timestamp="2019-07-20T17:33:10" time="12.210">
      <system-out>Total : 2
Passed: 2
Failed: 0
Output: C:\projects\firstEvaluation\output\20190720_173307\firstEvaluation.20190720_173309.001.xlsx
Logs  : C:\projects\firstEvaluation\output\20190720_173307\logs\nexial-20190720_173307.log</system-out>
    </testcase>
    <testcase id="Activity 2" name="Activity 2" classname="JsonScenario" timestamp="2019-07-20T17:33:11" time="10.770">
      <system-out>Total : 11
Passed: 11
Failed: 0
Output: C:\projects\firstEvaluation\output\20190720_173307\firstEvaluation.20190720_173309.001.xlsx
Logs  : C:\projects\firstEvaluation\output\20190720_173307\logs\nexial-20190720_173307.log</system-out>
    </testcase>
    <testcase id="Activity 3" name="Activity 3" classname="JsonScenario" timestamp="2019-07-20T17:33:18" time="3.989">
      <failure type="failure found in test activity" message="1 of 4 FAILED. Check C:\projects\firstEvaluation\output\20190720_173307\firstEvaluation.20190720_173309.001.xlsx for execution result, C:\projects\firstEvaluation\output\20190720_173307\logs\nexial-20190720_173307.log for execution logs" />
      <system-out>Total : 4
Passed: 3
Failed: 1
Output: C:\projects\firstEvaluation\output\20190720_173307\firstEvaluation.20190720_173309.001.xlsx
Logs  : C:\projects\firstEvaluation\output\20190720_173307\logs\nexial-20190720_173307.log</system-out>
    </testcase>
    <testcase id="Activity 4" name="Activity 4" classname="JsonScenario" timestamp="2019-07-20T17:33:20" time="1.539">
      <failure type="failure found in test activity" message="1 of 2 FAILED. Check C:\projects\firstEvaluation\output\20190720_173307\firstEvaluation.20190720_173309.001.xlsx for execution result, C:\projects\firstEvaluation\output\20190720_173307\logs\nexial-20190720_173307.log for execution logs" />
      <system-out>Total : 2
Passed: 1
Failed: 1
Output: C:\projects\firstEvaluation\output\20190720_173307\firstEvaluation.20190720_173309.001.xlsx
Logs  : C:\projects\firstEvaluation\output\20190720_173307\logs\nexial-20190720_173307.log</system-out>
    </testcase>
  </testsuite>
</testsuites>
