<?xml version="1.0" encoding="UTF-8"?>
<testsuites name="20190723_113112" timestamp="2019-07-23T11:31:12" time="29.018" tests="31" errors="0">
  <testsuite id="1" name="firstEvaluation" package="firstEvaluation" hostname="ATMECSINDT-043" timestamp="2019-07-23T11:31:13" time="23.042" tests="31" errors="0">
    <properties>
      <property name="Run From" value="ATMECSINDT-043" />
      <property name="Run OS" value="amd64 Windows 10 10.0" />
      <property name="Run User" value="deepankar.pathal" />
      <property name="Iteration" value="1 of 1" />
      <property name="Script" value="firstEvaluation.xlsx" />
      <property name="Logs" value="C:\projects\firstEvaluation\output\20190723_113112\logs\nexial-20190723_113112.log" />
      <property name="Data File" value="firstEvaluation.data.xlsx" />
      <property name="DataSheet(s)" value="#default" />
      <property name="JAVA_OPT" value="-Dorg.apache.poi.util.POILogger=org.apache.poi.util.NullLogger" />
      <property name="runtime args" value="-script C:\projects\firstEvaluation\artifact\script\firstEvaluation.xlsx" />
    </properties>
    <testcase id="Activity 1" name="Activity 1" classname="JsonScenario" timestamp="2019-07-23T11:31:15" time="20.952">
      <system-out>Total : 2
Passed: 2
Failed: 0
Output: C:\projects\firstEvaluation\output\20190723_113112\firstEvaluation.20190723_113113.001.xlsx
Logs  : C:\projects\firstEvaluation\output\20190723_113112\logs\nexial-20190723_113112.log</system-out>
    </testcase>
    <testcase id="Activity 2" name="Activity 2" classname="JsonScenario" timestamp="2019-07-23T11:31:16" time="19.458">
      <system-out>Total : 11
Passed: 11
Failed: 0
Output: C:\projects\firstEvaluation\output\20190723_113112\firstEvaluation.20190723_113113.001.xlsx
Logs  : C:\projects\firstEvaluation\output\20190723_113112\logs\nexial-20190723_113112.log</system-out>
    </testcase>
    <testcase id="Activity 4" name="Activity 4" classname="JsonScenario" timestamp="2019-07-23T11:31:23" time="12.493">
      <system-out>Total : 2
Passed: 2
Failed: 0
Output: C:\projects\firstEvaluation\output\20190723_113112\firstEvaluation.20190723_113113.001.xlsx
Logs  : C:\projects\firstEvaluation\output\20190723_113112\logs\nexial-20190723_113112.log</system-out>
    </testcase>
    <testcase id="Activity 5" name="Activity 5" classname="JsonScenario" timestamp="2019-07-23T11:31:25" time="11.239">
      <system-out>Total : 7
Passed: 7
Failed: 0
Output: C:\projects\firstEvaluation\output\20190723_113112\firstEvaluation.20190723_113113.001.xlsx
Logs  : C:\projects\firstEvaluation\output\20190723_113112\logs\nexial-20190723_113112.log</system-out>
    </testcase>
    <testcase id="Activity 1" name="Activity 1" classname="XMLScenario" timestamp="2019-07-23T11:31:30" time="6.058">
      <system-out>Total : 3
Passed: 3
Failed: 0
Output: C:\projects\firstEvaluation\output\20190723_113112\firstEvaluation.20190723_113113.001.xlsx
Logs  : C:\projects\firstEvaluation\output\20190723_113112\logs\nexial-20190723_113112.log</system-out>
    </testcase>
    <testcase id="Activity 2" name="Activity 2" classname="XMLScenario" timestamp="2019-07-23T11:31:32" time="4.082">
      <system-out>Total : 2
Passed: 2
Failed: 0
Output: C:\projects\firstEvaluation\output\20190723_113112\firstEvaluation.20190723_113113.001.xlsx
Logs  : C:\projects\firstEvaluation\output\20190723_113112\logs\nexial-20190723_113112.log</system-out>
    </testcase>
    <testcase id="Activity 4" name="Activity 4" classname="XMLScenario" timestamp="2019-07-23T11:31:33" time="2.832">
      <system-out>Total : 2
Passed: 2
Failed: 0
Output: C:\projects\firstEvaluation\output\20190723_113112\firstEvaluation.20190723_113113.001.xlsx
Logs  : C:\projects\firstEvaluation\output\20190723_113112\logs\nexial-20190723_113112.log</system-out>
    </testcase>
    <testcase id="Activity 5" name="Activity 5" classname="XMLScenario" timestamp="2019-07-23T11:31:34" time="1.572">
      <system-out>Total : 2
Passed: 2
Failed: 0
Output: C:\projects\firstEvaluation\output\20190723_113112\firstEvaluation.20190723_113113.001.xlsx
Logs  : C:\projects\firstEvaluation\output\20190723_113112\logs\nexial-20190723_113112.log</system-out>
    </testcase>
  </testsuite>
</testsuites>
