<?xml version="1.0" encoding="UTF-8"?>
<testsuites name="20190729_165719" timestamp="2019-07-29T16:57:19" time="54.030" tests="40" errors="0">
  <testsuite id="1" name="secondAssignment, Iteration 1 of 4" package="secondAssignment" hostname="ATMECSINDT-043" timestamp="2019-07-29T16:57:20" time="20.562" tests="10" errors="0">
    <properties>
      <property name="Run From" value="ATMECSINDT-043" />
      <property name="Run OS" value="amd64 Windows 10 10.0" />
      <property name="Run User" value="deepankar.pathal" />
      <property name="Iteration" value="1 of 4" />
      <property name="Script" value="secondAssignment.xlsx" />
      <property name="Logs" value="C:\projects\secondAssignment\output\20190729_165719\logs\nexial-20190729_165719.log" />
      <property name="Data File" value="secondAssignment.data.xlsx" />
      <property name="DataSheet(s)" value="#default" />
      <property name="JAVA_OPT" value="-Dorg.apache.poi.util.POILogger=org.apache.poi.util.NullLogger" />
      <property name="runtime args" value="-script C:\projects\secondAssignment\artifact\script\secondAssignment.xlsx -scenario Scenario2" />
    </properties>
    <testcase id="Activity 1" name="Activity 1" classname="Scenario2" timestamp="2019-07-29T16:57:22" time="18.193">
      <system-out>Total : 10
Passed: 10
Failed: 0
Output: C:\projects\secondAssignment\output\20190729_165719\secondAssignment.20190729_165720.001.xlsx
Logs  : C:\projects\secondAssignment\output\20190729_165719\logs\nexial-20190729_165719.log</system-out>
    </testcase>
  </testsuite>
  <testsuite id="2" name="secondAssignment, Iteration 2 of 4" package="secondAssignment" hostname="ATMECSINDT-043" timestamp="2019-07-29T16:57:41" time="10.029" tests="10" errors="0">
    <properties>
      <property name="Run From" value="ATMECSINDT-043" />
      <property name="Run OS" value="amd64 Windows 10 10.0" />
      <property name="Run User" value="deepankar.pathal" />
      <property name="Iteration" value="2 of 4" />
      <property name="Script" value="secondAssignment.xlsx" />
      <property name="Logs" value="C:\projects\secondAssignment\output\20190729_165719\logs\nexial-20190729_165719.log" />
      <property name="Data File" value="secondAssignment.data.xlsx" />
      <property name="DataSheet(s)" value="#default" />
      <property name="JAVA_OPT" value="-Dorg.apache.poi.util.POILogger=org.apache.poi.util.NullLogger" />
      <property name="runtime args" value="-script C:\projects\secondAssignment\artifact\script\secondAssignment.xlsx -scenario Scenario2" />
    </properties>
    <testcase id="Activity 1" name="Activity 1" classname="Scenario2" timestamp="2019-07-29T16:57:42" time="9.039">
      <system-out>Total : 10
Passed: 10
Failed: 0
Output: C:\projects\secondAssignment\output\20190729_165719\secondAssignment.20190729_165741.002.xlsx
Logs  : C:\projects\secondAssignment\output\20190729_165719\logs\nexial-20190729_165719.log</system-out>
    </testcase>
  </testsuite>
  <testsuite id="3" name="secondAssignment, Iteration 3 of 4" package="secondAssignment" hostname="ATMECSINDT-043" timestamp="2019-07-29T16:57:52" time="10.106" tests="10" errors="0">
    <properties>
      <property name="Run From" value="ATMECSINDT-043" />
      <property name="Run OS" value="amd64 Windows 10 10.0" />
      <property name="Run User" value="deepankar.pathal" />
      <property name="Iteration" value="3 of 4" />
      <property name="Script" value="secondAssignment.xlsx" />
      <property name="Logs" value="C:\projects\secondAssignment\output\20190729_165719\logs\nexial-20190729_165719.log" />
      <property name="Data File" value="secondAssignment.data.xlsx" />
      <property name="DataSheet(s)" value="#default" />
      <property name="JAVA_OPT" value="-Dorg.apache.poi.util.POILogger=org.apache.poi.util.NullLogger" />
      <property name="runtime args" value="-script C:\projects\secondAssignment\artifact\script\secondAssignment.xlsx -scenario Scenario2" />
    </properties>
    <testcase id="Activity 1" name="Activity 1" classname="Scenario2" timestamp="2019-07-29T16:57:53" time="9.216">
      <system-out>Total : 10
Passed: 10
Failed: 0
Output: C:\projects\secondAssignment\output\20190729_165719\secondAssignment.20190729_165752.003.xlsx
Logs  : C:\projects\secondAssignment\output\20190729_165719\logs\nexial-20190729_165719.log</system-out>
    </testcase>
  </testsuite>
  <testsuite id="4" name="secondAssignment, Iteration 4 of 4" package="secondAssignment" hostname="ATMECSINDT-043" timestamp="2019-07-29T16:58:02" time="9.892" tests="10" errors="0">
    <properties>
      <property name="Run From" value="ATMECSINDT-043" />
      <property name="Run OS" value="amd64 Windows 10 10.0" />
      <property name="Run User" value="deepankar.pathal" />
      <property name="Iteration" value="4 of 4" />
      <property name="Script" value="secondAssignment.xlsx" />
      <property name="Logs" value="C:\projects\secondAssignment\output\20190729_165719\logs\nexial-20190729_165719.log" />
      <property name="Data File" value="secondAssignment.data.xlsx" />
      <property name="DataSheet(s)" value="#default" />
      <property name="JAVA_OPT" value="-Dorg.apache.poi.util.POILogger=org.apache.poi.util.NullLogger" />
      <property name="runtime args" value="-script C:\projects\secondAssignment\artifact\script\secondAssignment.xlsx -scenario Scenario2" />
    </properties>
    <testcase id="Activity 1" name="Activity 1" classname="Scenario2" timestamp="2019-07-29T16:58:03" time="9.145">
      <system-out>Total : 10
Passed: 10
Failed: 0
Output: C:\projects\secondAssignment\output\20190729_165719\secondAssignment.20190729_165802.004.xlsx
Logs  : C:\projects\secondAssignment\output\20190729_165719\logs\nexial-20190729_165719.log</system-out>
    </testcase>
  </testsuite>
</testsuites>
