<?xml version="1.0" encoding="UTF-8"?>
<testsuites name="20190718_173657" timestamp="2019-07-18T17:36:57" time="107.116" tests="1" errors="0">
  <testsuite id="1" name="myFirstProject" package="myFirstProject" hostname="ATMECSINDT-043" timestamp="2019-07-18T17:36:58" time="20.604" tests="1" errors="0">
    <properties>
      <property name="Run From" value="ATMECSINDT-043" />
      <property name="Run OS" value="amd64 Windows 10 10.0" />
      <property name="Run User" value="deepankar.pathal" />
      <property name="Iteration" value="1 of 1" />
      <property name="Script" value="myFirstProject.xlsx" />
      <property name="Logs" value="C:\projects\myFirstProject\output\20190718_173657\logs\nexial-20190718_173657.log" />
      <property name="Data File" value="myFirstProject.data.xlsx" />
      <property name="DataSheet(s)" value="#default" />
      <property name="JAVA_OPT" value="-Dorg.apache.poi.util.POILogger=org.apache.poi.util.NullLogger" />
      <property name="runtime args" value="-script C:\projects\myFirstProject\artifact\script\myFirstProject.xlsx" />
    </properties>
    <testcase id="Activity 1" name="Activity 1" classname="Scenario" timestamp="2019-07-18T17:37:17" time="2.147">
      <system-out>Total : 1
Passed: 1
Failed: 0
Output: C:\projects\myFirstProject\output\20190718_173657\myFirstProject.20190718_173658.001.xlsx
Logs  : C:\projects\myFirstProject\output\20190718_173657\logs\nexial-20190718_173657.log</system-out>
    </testcase>
  </testsuite>
</testsuites>
