<?xml version="1.0" encoding="UTF-8"?>
<testsuites name="20190719_141559" timestamp="2019-07-19T14:15:59" time="24.014" tests="3" errors="0">
  <testsuite id="1" name="exampleProject" package="exampleProject" hostname="ATMECSINDT-043" timestamp="2019-07-19T14:16:00" time="4.045" tests="3" errors="0">
    <properties>
      <property name="Run From" value="ATMECSINDT-043" />
      <property name="Run OS" value="amd64 Windows 10 10.0" />
      <property name="Run User" value="deepankar.pathal" />
      <property name="Iteration" value="1 of 1" />
      <property name="Script" value="exampleProject.xlsx" />
      <property name="Logs" value="C:\projects\exampleProject\output\20190719_141559\logs\nexial-20190719_141559.log" />
      <property name="Data File" value="exampleProject.data.xlsx" />
      <property name="DataSheet(s)" value="#default" />
      <property name="JAVA_OPT" value="-Dorg.apache.poi.util.POILogger=org.apache.poi.util.NullLogger" />
      <property name="runtime args" value="-script C:\projects\exampleProject\artifact\script\exampleProject.xlsx" />
    </properties>
    <testcase id="Activity 1" name="Activity 1" classname="Scenario" timestamp="2019-07-19T14:16:02" time="2.366">
      <system-out>Total : 3
Passed: 3
Failed: 0
Output: C:\projects\exampleProject\output\20190719_141559\exampleProject.20190719_141600.001.xlsx
Logs  : C:\projects\exampleProject\output\20190719_141559\logs\nexial-20190719_141559.log</system-out>
    </testcase>
  </testsuite>
</testsuites>
