<?xml version="1.0" encoding="UTF-8"?>
<testsuites name="20190729_114404" timestamp="2019-07-29T11:44:04" time="48.042" tests="29" errors="0">
  <testsuite id="1" name="secondAssignment" package="secondAssignment" hostname="ATMECSINDT-043" timestamp="2019-07-29T11:44:05" time="45.898" tests="29" errors="0">
    <properties>
      <property name="Run From" value="ATMECSINDT-043" />
      <property name="Run OS" value="amd64 Windows 10 10.0" />
      <property name="Run User" value="deepankar.pathal" />
      <property name="Iteration" value="1 of 1" />
      <property name="Script" value="secondAssignment.xlsx" />
      <property name="Logs" value="C:\projects\secondAssignment\output\20190729_114404\logs\nexial-20190729_114404.log" />
      <property name="Data File" value="secondAssignment.data.xlsx" />
      <property name="DataSheet(s)" value="#default" />
      <property name="JAVA_OPT" value="-Dorg.apache.poi.util.POILogger=org.apache.poi.util.NullLogger" />
      <property name="runtime args" value="-script C:\projects\secondAssignment\artifact\script\secondAssignment.xlsx" />
    </properties>
    <testcase id="Activity 1" name="Activity 1" classname="Scenario" timestamp="2019-07-29T11:44:07" time="44.097">
      <system-out>Total : 29
Passed: 29
Failed: 0
Output: C:\projects\secondAssignment\output\20190729_114404\secondAssignment.20190729_114405.001.xlsx
Logs  : C:\projects\secondAssignment\output\20190729_114404\logs\nexial-20190729_114404.log</system-out>
    </testcase>
  </testsuite>
</testsuites>
