<?xml version="1.0" encoding="UTF-8"?>
<testsuites name="20190729_170214" timestamp="2019-07-29T17:02:14" time="57.057" tests="44" errors="0">
  <testsuite id="1" name="secondAssignment, Iteration 1 of 4" package="secondAssignment" hostname="ATMECSINDT-043" timestamp="2019-07-29T17:02:16" time="20.680" tests="11" errors="0">
    <properties>
      <property name="Run From" value="ATMECSINDT-043" />
      <property name="Run OS" value="amd64 Windows 10 10.0" />
      <property name="Run User" value="deepankar.pathal" />
      <property name="Iteration" value="1 of 4" />
      <property name="Script" value="secondAssignment.xlsx" />
      <property name="Logs" value="C:\projects\secondAssignment\output\20190729_170214\logs\nexial-20190729_170214.log" />
      <property name="Data File" value="secondAssignment.data.xlsx" />
      <property name="DataSheet(s)" value="#default" />
      <property name="JAVA_OPT" value="-Dorg.apache.poi.util.POILogger=org.apache.poi.util.NullLogger" />
      <property name="runtime args" value="-script C:\projects\secondAssignment\artifact\script\secondAssignment.xlsx -scenario Scenario2" />
    </properties>
    <testcase id="Activity 1" name="Activity 1" classname="Scenario2" timestamp="2019-07-29T17:02:18" time="18.051">
      <system-out>Total : 11
Passed: 11
Failed: 0
Output: C:\projects\secondAssignment\output\20190729_170214\secondAssignment.20190729_170216.001.xlsx
Logs  : C:\projects\secondAssignment\output\20190729_170214\logs\nexial-20190729_170214.log</system-out>
    </testcase>
  </testsuite>
  <testsuite id="2" name="secondAssignment, Iteration 2 of 4" package="secondAssignment" hostname="ATMECSINDT-043" timestamp="2019-07-29T17:02:37" time="11.003" tests="11" errors="0">
    <properties>
      <property name="Run From" value="ATMECSINDT-043" />
      <property name="Run OS" value="amd64 Windows 10 10.0" />
      <property name="Run User" value="deepankar.pathal" />
      <property name="Iteration" value="2 of 4" />
      <property name="Script" value="secondAssignment.xlsx" />
      <property name="Logs" value="C:\projects\secondAssignment\output\20190729_170214\logs\nexial-20190729_170214.log" />
      <property name="Data File" value="secondAssignment.data.xlsx" />
      <property name="DataSheet(s)" value="#default" />
      <property name="JAVA_OPT" value="-Dorg.apache.poi.util.POILogger=org.apache.poi.util.NullLogger" />
      <property name="runtime args" value="-script C:\projects\secondAssignment\artifact\script\secondAssignment.xlsx -scenario Scenario2" />
    </properties>
    <testcase id="Activity 1" name="Activity 1" classname="Scenario2" timestamp="2019-07-29T17:02:38" time="9.905">
      <system-out>Total : 11
Passed: 11
Failed: 0
Output: C:\projects\secondAssignment\output\20190729_170214\secondAssignment.20190729_170237.002.xlsx
Logs  : C:\projects\secondAssignment\output\20190729_170214\logs\nexial-20190729_170214.log</system-out>
    </testcase>
  </testsuite>
  <testsuite id="3" name="secondAssignment, Iteration 3 of 4" package="secondAssignment" hostname="ATMECSINDT-043" timestamp="2019-07-29T17:02:48" time="10.984" tests="11" errors="0">
    <properties>
      <property name="Run From" value="ATMECSINDT-043" />
      <property name="Run OS" value="amd64 Windows 10 10.0" />
      <property name="Run User" value="deepankar.pathal" />
      <property name="Iteration" value="3 of 4" />
      <property name="Script" value="secondAssignment.xlsx" />
      <property name="Logs" value="C:\projects\secondAssignment\output\20190729_170214\logs\nexial-20190729_170214.log" />
      <property name="Data File" value="secondAssignment.data.xlsx" />
      <property name="DataSheet(s)" value="#default" />
      <property name="JAVA_OPT" value="-Dorg.apache.poi.util.POILogger=org.apache.poi.util.NullLogger" />
      <property name="runtime args" value="-script C:\projects\secondAssignment\artifact\script\secondAssignment.xlsx -scenario Scenario2" />
    </properties>
    <testcase id="Activity 1" name="Activity 1" classname="Scenario2" timestamp="2019-07-29T17:02:49" time="10.123">
      <system-out>Total : 11
Passed: 11
Failed: 0
Output: C:\projects\secondAssignment\output\20190729_170214\secondAssignment.20190729_170248.003.xlsx
Logs  : C:\projects\secondAssignment\output\20190729_170214\logs\nexial-20190729_170214.log</system-out>
    </testcase>
  </testsuite>
  <testsuite id="4" name="secondAssignment, Iteration 4 of 4" package="secondAssignment" hostname="ATMECSINDT-043" timestamp="2019-07-29T17:03:00" time="10.877" tests="11" errors="0">
    <properties>
      <property name="Run From" value="ATMECSINDT-043" />
      <property name="Run OS" value="amd64 Windows 10 10.0" />
      <property name="Run User" value="deepankar.pathal" />
      <property name="Iteration" value="4 of 4" />
      <property name="Script" value="secondAssignment.xlsx" />
      <property name="Logs" value="C:\projects\secondAssignment\output\20190729_170214\logs\nexial-20190729_170214.log" />
      <property name="Data File" value="secondAssignment.data.xlsx" />
      <property name="DataSheet(s)" value="#default" />
      <property name="JAVA_OPT" value="-Dorg.apache.poi.util.POILogger=org.apache.poi.util.NullLogger" />
      <property name="runtime args" value="-script C:\projects\secondAssignment\artifact\script\secondAssignment.xlsx -scenario Scenario2" />
    </properties>
    <testcase id="Activity 1" name="Activity 1" classname="Scenario2" timestamp="2019-07-29T17:03:00" time="10.119">
      <system-out>Total : 11
Passed: 11
Failed: 0
Output: C:\projects\secondAssignment\output\20190729_170214\secondAssignment.20190729_170300.004.xlsx
Logs  : C:\projects\secondAssignment\output\20190729_170214\logs\nexial-20190729_170214.log</system-out>
    </testcase>
  </testsuite>
</testsuites>
